  [1m[35m (10.5ms)[0m  [1m[35mCREATE TABLE "schema_migrations" ("version" character varying PRIMARY KEY)[0m
  [1m[35m (2.4ms)[0m  [1m[35mCREATE TABLE "ar_internal_metadata" ("key" character varying PRIMARY KEY, "value" character varying, "created_at" timestamp NOT NULL, "updated_at" timestamp NOT NULL)[0m
  [1m[35m (0.2ms)[0m  [1m[34mSELECT pg_try_advisory_lock(1579006800738244710);[0m
  [1m[36mActiveRecord::SchemaMigration Load (0.4ms)[0m  [1m[34mSELECT "schema_migrations".* FROM "schema_migrations"[0m
Migrating to CreatePartners (20220513114947)
  [1m[35m (0.2ms)[0m  [1m[35mBEGIN[0m
  [1m[35m (0.1ms)[0m  [1m[31mROLLBACK[0m
  [1m[35m (0.3ms)[0m  [1m[34mSELECT pg_advisory_unlock(1579006800738244710)[0m
  [1m[35m (0.2ms)[0m  [1m[34mSELECT pg_try_advisory_lock(1579006800738244710);[0m
  [1m[36mActiveRecord::SchemaMigration Load (0.4ms)[0m  [1m[34mSELECT "schema_migrations".* FROM "schema_migrations"[0m
Migrating to CreatePartners (20220513114947)
  [1m[35m (0.2ms)[0m  [1m[35mBEGIN[0m
  [1m[35m (0.1ms)[0m  [1m[31mROLLBACK[0m
  [1m[35m (0.3ms)[0m  [1m[34mSELECT pg_advisory_unlock(1579006800738244710)[0m
  [1m[35m (0.1ms)[0m  [1m[34mSELECT pg_try_advisory_lock(1579006800738244710);[0m
  [1m[36mActiveRecord::SchemaMigration Load (0.4ms)[0m  [1m[34mSELECT "schema_migrations".* FROM "schema_migrations"[0m
Migrating to CreatePartners (20220513114947)
  [1m[35m (0.2ms)[0m  [1m[35mBEGIN[0m
  [1m[35m (15.1ms)[0m  [1m[35mCREATE TABLE "partners" ("id" serial primary key, "name" character varying, "experience" character varying[] DEFAULT '{}', "lon" decimal(10,6), "lat" decimal(10,6), "operating_radius" integer DEFAULT 0, "rating" integer DEFAULT 0, "created_at" timestamp NOT NULL, "updated_at" timestamp NOT NULL)[0m
  [1m[35mSQL (0.5ms)[0m  [1m[32mINSERT INTO "schema_migrations" ("version") VALUES ($1) RETURNING "version"[0m  [["version", "20220513114947"]]
  [1m[35m (0.5ms)[0m  [1m[35mCOMMIT[0m
  [1m[36mActiveRecord::InternalMetadata Load (1.0ms)[0m  [1m[34mSELECT  "ar_internal_metadata".* FROM "ar_internal_metadata" WHERE "ar_internal_metadata"."key" = $1 LIMIT $2[0m  [["key", "environment"], ["LIMIT", 1]]
  [1m[35m (0.1ms)[0m  [1m[35mBEGIN[0m
  [1m[35mSQL (0.4ms)[0m  [1m[32mINSERT INTO "ar_internal_metadata" ("key", "value", "created_at", "updated_at") VALUES ($1, $2, $3, $4) RETURNING "key"[0m  [["key", "environment"], ["value", "development"], ["created_at", "2022-05-13 11:52:58.079704"], ["updated_at", "2022-05-13 11:52:58.079704"]]
  [1m[35m (0.4ms)[0m  [1m[35mCOMMIT[0m
  [1m[35m (0.1ms)[0m  [1m[34mSELECT pg_advisory_unlock(1579006800738244710)[0m
  [1m[36mActiveRecord::SchemaMigration Load (0.3ms)[0m  [1m[34mSELECT "schema_migrations".* FROM "schema_migrations"[0m
Started GET "/" for 127.0.0.1 at 2022-05-13 13:53:17 +0200
  [1m[36mActiveRecord::SchemaMigration Load (1.0ms)[0m  [1m[34mSELECT "schema_migrations".* FROM "schema_migrations"[0m
Processing by Rails::WelcomeController#index as HTML
  Parameters: {"internal"=>true}
  Rendering /Users/gregor.barth/.rbenv/versions/2.5.3/lib/ruby/gems/2.5.0/gems/railties-5.0.7.2/lib/rails/templates/rails/welcome/index.html.erb
  Rendered /Users/gregor.barth/.rbenv/versions/2.5.3/lib/ruby/gems/2.5.0/gems/railties-5.0.7.2/lib/rails/templates/rails/welcome/index.html.erb (3.3ms)
Completed 200 OK in 27ms (Views: 11.8ms | ActiveRecord: 0.0ms)


Started GET "/favicon.ico" for 127.0.0.1 at 2022-05-13 13:53:17 +0200
  
ActionController::RoutingError (No route matches [GET] "/favicon.ico"):
  
actionpack (5.0.7.2) lib/action_dispatch/middleware/debug_exceptions.rb:53:in `call'
actionpack (5.0.7.2) lib/action_dispatch/middleware/show_exceptions.rb:31:in `call'
railties (5.0.7.2) lib/rails/rack/logger.rb:36:in `call_app'
railties (5.0.7.2) lib/rails/rack/logger.rb:24:in `block in call'
activesupport (5.0.7.2) lib/active_support/tagged_logging.rb:69:in `block in tagged'
activesupport (5.0.7.2) lib/active_support/tagged_logging.rb:26:in `tagged'
activesupport (5.0.7.2) lib/active_support/tagged_logging.rb:69:in `tagged'
railties (5.0.7.2) lib/rails/rack/logger.rb:24:in `call'
actionpack (5.0.7.2) lib/action_dispatch/middleware/request_id.rb:24:in `call'
rack (2.2.3) lib/rack/runtime.rb:22:in `call'
activesupport (5.0.7.2) lib/active_support/cache/strategy/local_cache_middleware.rb:28:in `call'
actionpack (5.0.7.2) lib/action_dispatch/middleware/executor.rb:12:in `call'
actionpack (5.0.7.2) lib/action_dispatch/middleware/static.rb:136:in `call'
rack (2.2.3) lib/rack/sendfile.rb:110:in `call'
railties (5.0.7.2) lib/rails/engine.rb:522:in `call'
puma (3.12.6) lib/puma/configuration.rb:227:in `call'
puma (3.12.6) lib/puma/server.rb:706:in `handle_request'
puma (3.12.6) lib/puma/server.rb:476:in `process_client'
puma (3.12.6) lib/puma/server.rb:334:in `block in run'
puma (3.12.6) lib/puma/thread_pool.rb:135:in `block in spawn_thread'
Started GET "/partners/index" for 127.0.0.1 at 2022-05-13 13:53:27 +0200
  
ActionController::RoutingError (No route matches [GET] "/partners/index"):
  
actionpack (5.0.7.2) lib/action_dispatch/middleware/debug_exceptions.rb:53:in `call'
actionpack (5.0.7.2) lib/action_dispatch/middleware/show_exceptions.rb:31:in `call'
railties (5.0.7.2) lib/rails/rack/logger.rb:36:in `call_app'
railties (5.0.7.2) lib/rails/rack/logger.rb:24:in `block in call'
activesupport (5.0.7.2) lib/active_support/tagged_logging.rb:69:in `block in tagged'
activesupport (5.0.7.2) lib/active_support/tagged_logging.rb:26:in `tagged'
activesupport (5.0.7.2) lib/active_support/tagged_logging.rb:69:in `tagged'
railties (5.0.7.2) lib/rails/rack/logger.rb:24:in `call'
actionpack (5.0.7.2) lib/action_dispatch/middleware/request_id.rb:24:in `call'
rack (2.2.3) lib/rack/runtime.rb:22:in `call'
activesupport (5.0.7.2) lib/active_support/cache/strategy/local_cache_middleware.rb:28:in `call'
actionpack (5.0.7.2) lib/action_dispatch/middleware/executor.rb:12:in `call'
actionpack (5.0.7.2) lib/action_dispatch/middleware/static.rb:136:in `call'
rack (2.2.3) lib/rack/sendfile.rb:110:in `call'
railties (5.0.7.2) lib/rails/engine.rb:522:in `call'
puma (3.12.6) lib/puma/configuration.rb:227:in `call'
puma (3.12.6) lib/puma/server.rb:706:in `handle_request'
puma (3.12.6) lib/puma/server.rb:476:in `process_client'
puma (3.12.6) lib/puma/server.rb:334:in `block in run'
puma (3.12.6) lib/puma/thread_pool.rb:135:in `block in spawn_thread'
Started GET "/api/v1/partners/index" for 127.0.0.1 at 2022-05-13 13:53:53 +0200
  
ActionController::RoutingError (No route matches [GET] "/api/v1/partners/index"):
  
actionpack (5.0.7.2) lib/action_dispatch/middleware/debug_exceptions.rb:53:in `call'
actionpack (5.0.7.2) lib/action_dispatch/middleware/show_exceptions.rb:31:in `call'
railties (5.0.7.2) lib/rails/rack/logger.rb:36:in `call_app'
railties (5.0.7.2) lib/rails/rack/logger.rb:24:in `block in call'
activesupport (5.0.7.2) lib/active_support/tagged_logging.rb:69:in `block in tagged'
activesupport (5.0.7.2) lib/active_support/tagged_logging.rb:26:in `tagged'
activesupport (5.0.7.2) lib/active_support/tagged_logging.rb:69:in `tagged'
railties (5.0.7.2) lib/rails/rack/logger.rb:24:in `call'
actionpack (5.0.7.2) lib/action_dispatch/middleware/request_id.rb:24:in `call'
rack (2.2.3) lib/rack/runtime.rb:22:in `call'
activesupport (5.0.7.2) lib/active_support/cache/strategy/local_cache_middleware.rb:28:in `call'
actionpack (5.0.7.2) lib/action_dispatch/middleware/executor.rb:12:in `call'
actionpack (5.0.7.2) lib/action_dispatch/middleware/static.rb:136:in `call'
rack (2.2.3) lib/rack/sendfile.rb:110:in `call'
railties (5.0.7.2) lib/rails/engine.rb:522:in `call'
puma (3.12.6) lib/puma/configuration.rb:227:in `call'
puma (3.12.6) lib/puma/server.rb:706:in `handle_request'
puma (3.12.6) lib/puma/server.rb:476:in `process_client'
puma (3.12.6) lib/puma/server.rb:334:in `block in run'
puma (3.12.6) lib/puma/thread_pool.rb:135:in `block in spawn_thread'
Started GET "/api/v1/partners/" for 127.0.0.1 at 2022-05-13 13:53:59 +0200
Processing by Api::V1::PartnersController#index as HTML
Completed 204 No Content in 1ms (ActiveRecord: 0.0ms)


Started GET "/api/v1/partners" for 127.0.0.1 at 2022-05-13 13:54:03 +0200
Processing by Api::V1::PartnersController#index as HTML
Completed 204 No Content in 0ms (ActiveRecord: 0.0ms)


Started GET "/api/v1/partners" for 127.0.0.1 at 2022-05-13 13:54:28 +0200
Processing by Api::V1::PartnersController#index as HTML
Completed 204 No Content in 0ms (ActiveRecord: 0.0ms)


  [1m[35m (0.2ms)[0m  [1m[35mBEGIN[0m
  [1m[35mSQL (3.0ms)[0m  [1m[32mINSERT INTO "partners" ("name", "experience", "lon", "lat", "operating_radius", "rating", "created_at", "updated_at") VALUES ($1, $2, $3, $4, $5, $6, $7, $8) RETURNING "id"[0m  [["name", "Johnson McTest"], ["experience", "{wood,carpet,tiles}"], ["lon", "6.357238"], ["lat", "63.572375"], ["operating_radius", 500], ["rating", 3], ["created_at", "2022-05-13 11:59:27.361044"], ["updated_at", "2022-05-13 11:59:27.361044"]]
  [1m[35m (0.7ms)[0m  [1m[35mCOMMIT[0m
  [1m[36mActiveRecord::SchemaMigration Load (0.4ms)[0m  [1m[34mSELECT "schema_migrations".* FROM "schema_migrations"[0m
  [1m[35m (0.1ms)[0m  [1m[35mBEGIN[0m
  [1m[35mSQL (0.5ms)[0m  [1m[32mINSERT INTO "partners" ("name", "experience", "lon", "lat", "operating_radius", "rating", "created_at", "updated_at") VALUES ($1, $2, $3, $4, $5, $6, $7, $8) RETURNING "id"[0m  [["name", "Johnson McTest"], ["experience", "{wood,carpet,tiles}"], ["lon", "6.357238"], ["lat", "63.572375"], ["operating_radius", 500], ["rating", 3], ["created_at", "2022-05-13 12:01:07.383196"], ["updated_at", "2022-05-13 12:01:07.383196"]]
  [1m[35m (0.8ms)[0m  [1m[35mCOMMIT[0m
Started GET "/api/v1/products/" for 127.0.0.1 at 2022-05-13 14:01:29 +0200
  [1m[36mActiveRecord::SchemaMigration Load (0.4ms)[0m  [1m[34mSELECT "schema_migrations".* FROM "schema_migrations"[0m
  
ActionController::RoutingError (No route matches [GET] "/api/v1/products"):
  
actionpack (5.0.7.2) lib/action_dispatch/middleware/debug_exceptions.rb:53:in `call'
actionpack (5.0.7.2) lib/action_dispatch/middleware/show_exceptions.rb:31:in `call'
railties (5.0.7.2) lib/rails/rack/logger.rb:36:in `call_app'
railties (5.0.7.2) lib/rails/rack/logger.rb:24:in `block in call'
activesupport (5.0.7.2) lib/active_support/tagged_logging.rb:69:in `block in tagged'
activesupport (5.0.7.2) lib/active_support/tagged_logging.rb:26:in `tagged'
activesupport (5.0.7.2) lib/active_support/tagged_logging.rb:69:in `tagged'
railties (5.0.7.2) lib/rails/rack/logger.rb:24:in `call'
actionpack (5.0.7.2) lib/action_dispatch/middleware/request_id.rb:24:in `call'
rack (2.2.3) lib/rack/runtime.rb:22:in `call'
activesupport (5.0.7.2) lib/active_support/cache/strategy/local_cache_middleware.rb:28:in `call'
actionpack (5.0.7.2) lib/action_dispatch/middleware/executor.rb:12:in `call'
actionpack (5.0.7.2) lib/action_dispatch/middleware/static.rb:136:in `call'
rack (2.2.3) lib/rack/sendfile.rb:110:in `call'
railties (5.0.7.2) lib/rails/engine.rb:522:in `call'
puma (3.12.6) lib/puma/configuration.rb:227:in `call'
puma (3.12.6) lib/puma/server.rb:706:in `handle_request'
puma (3.12.6) lib/puma/server.rb:476:in `process_client'
puma (3.12.6) lib/puma/server.rb:334:in `block in run'
puma (3.12.6) lib/puma/thread_pool.rb:135:in `block in spawn_thread'
Started GET "/api/v1/partners" for 127.0.0.1 at 2022-05-13 14:01:34 +0200
Processing by Api::V1::PartnersController#index as HTML
Completed 500 Internal Server Error in 2ms (ActiveRecord: 0.0ms)


  
NameError (uninitialized constant Api::V1::PartnersController::Partners):
  
app/controllers/api/v1/partners_controller.rb:3:in `index'
  [1m[36mPartner Load (0.5ms)[0m  [1m[34mSELECT "partners".* FROM "partners"[0m
Started GET "/api/v1/partners" for 127.0.0.1 at 2022-05-13 14:10:59 +0200
  [1m[36mActiveRecord::SchemaMigration Load (0.4ms)[0m  [1m[34mSELECT "schema_migrations".* FROM "schema_migrations"[0m
Processing by Api::V1::PartnersController#index as HTML
  [1m[36mPartner Load (0.4ms)[0m  [1m[34mSELECT "partners".* FROM "partners"[0m
Completed 200 OK in 14ms (Views: 6.6ms | ActiveRecord: 5.2ms)


  [1m[36mActiveRecord::SchemaMigration Load (0.4ms)[0m  [1m[34mSELECT "schema_migrations".* FROM "schema_migrations"[0m
  [1m[35m (0.3ms)[0m  [1m[34mSELECT "ar_internal_metadata"."value" FROM "ar_internal_metadata" WHERE "ar_internal_metadata"."key" = $1[0m  [["key", "environment"]]
  [1m[36mActiveRecord::SchemaMigration Load (0.1ms)[0m  [1m[34mSELECT "schema_migrations".* FROM "schema_migrations"[0m
  [1m[35m (0.1ms)[0m  [1m[34mSELECT "ar_internal_metadata"."value" FROM "ar_internal_metadata" WHERE "ar_internal_metadata"."key" = $1[0m  [["key", "environment"]]
  [1m[36mActiveRecord::SchemaMigration Load (0.2ms)[0m  [1m[34mSELECT "schema_migrations".* FROM "schema_migrations"[0m
  [1m[35m (0.1ms)[0m  [1m[34mSELECT "ar_internal_metadata"."value" FROM "ar_internal_metadata" WHERE "ar_internal_metadata"."key" = $1[0m  [["key", "environment"]]
  [1m[35m (233.1ms)[0m  [1m[35mDROP DATABASE IF EXISTS "coding_challenge_gb_development"[0m
  [1m[35m (199.8ms)[0m  [1m[35mDROP DATABASE IF EXISTS "coding_challenge_gb_test"[0m
  [1m[35m (408.7ms)[0m  [1m[35mCREATE DATABASE "coding_challenge_gb_development" ENCODING = 'unicode'[0m
  [1m[35m (429.2ms)[0m  [1m[35mCREATE DATABASE "coding_challenge_gb_test" ENCODING = 'unicode'[0m
  [1m[35mSQL (1.1ms)[0m  [1m[35mCREATE EXTENSION IF NOT EXISTS "plpgsql"[0m
  [1m[35m (5.7ms)[0m  [1m[35mCREATE TABLE "partners" ("id" serial primary key, "name" character varying, "experience" character varying[] DEFAULT '{}', "lon" decimal(10,6), "lat" decimal(10,6), "operating_radius" integer DEFAULT 0, "rating" integer DEFAULT 0, "created_at" timestamp NOT NULL, "updated_at" timestamp NOT NULL)[0m
  [1m[35m (2.7ms)[0m  [1m[35mCREATE TABLE "schema_migrations" ("version" character varying PRIMARY KEY)[0m
  [1m[35m (0.4ms)[0m  [1m[34mSELECT version FROM "schema_migrations"[0m
  [1m[35m (0.6ms)[0m  [1m[32mINSERT INTO "schema_migrations" (version) VALUES (20220513114947)[0m
  [1m[35m (4.6ms)[0m  [1m[35mCREATE TABLE "ar_internal_metadata" ("key" character varying PRIMARY KEY, "value" character varying, "created_at" timestamp NOT NULL, "updated_at" timestamp NOT NULL)[0m
  [1m[36mActiveRecord::InternalMetadata Load (0.4ms)[0m  [1m[34mSELECT  "ar_internal_metadata".* FROM "ar_internal_metadata" WHERE "ar_internal_metadata"."key" = $1 LIMIT $2[0m  [["key", "environment"], ["LIMIT", 1]]
  [1m[35m (0.1ms)[0m  [1m[35mBEGIN[0m
  [1m[35mSQL (0.5ms)[0m  [1m[32mINSERT INTO "ar_internal_metadata" ("key", "value", "created_at", "updated_at") VALUES ($1, $2, $3, $4) RETURNING "key"[0m  [["key", "environment"], ["value", "development"], ["created_at", "2022-05-13 12:11:44.934501"], ["updated_at", "2022-05-13 12:11:44.934501"]]
  [1m[35m (0.4ms)[0m  [1m[35mCOMMIT[0m
  [1m[36mActiveRecord::InternalMetadata Load (0.3ms)[0m  [1m[34mSELECT  "ar_internal_metadata".* FROM "ar_internal_metadata" WHERE "ar_internal_metadata"."key" = $1 LIMIT $2[0m  [["key", "environment"], ["LIMIT", 1]]
  [1m[35m (0.1ms)[0m  [1m[35mBEGIN[0m
  [1m[35m (0.1ms)[0m  [1m[35mCOMMIT[0m
  [1m[35mSQL (0.3ms)[0m  [1m[35mCREATE EXTENSION IF NOT EXISTS "plpgsql"[0m
  [1m[35m (7.1ms)[0m  [1m[35mCREATE TABLE "partners" ("id" serial primary key, "name" character varying, "experience" character varying[] DEFAULT '{}', "lon" decimal(10,6), "lat" decimal(10,6), "operating_radius" integer DEFAULT 0, "rating" integer DEFAULT 0, "created_at" timestamp NOT NULL, "updated_at" timestamp NOT NULL)[0m
  [1m[35m (3.2ms)[0m  [1m[35mCREATE TABLE "schema_migrations" ("version" character varying PRIMARY KEY)[0m
  [1m[35m (0.5ms)[0m  [1m[34mSELECT version FROM "schema_migrations"[0m
  [1m[35m (0.7ms)[0m  [1m[32mINSERT INTO "schema_migrations" (version) VALUES (20220513114947)[0m
  [1m[35m (3.2ms)[0m  [1m[35mCREATE TABLE "ar_internal_metadata" ("key" character varying PRIMARY KEY, "value" character varying, "created_at" timestamp NOT NULL, "updated_at" timestamp NOT NULL)[0m
  [1m[36mActiveRecord::InternalMetadata Load (0.5ms)[0m  [1m[34mSELECT  "ar_internal_metadata".* FROM "ar_internal_metadata" WHERE "ar_internal_metadata"."key" = $1 LIMIT $2[0m  [["key", "environment"], ["LIMIT", 1]]
  [1m[35m (0.1ms)[0m  [1m[35mBEGIN[0m
  [1m[35mSQL (0.5ms)[0m  [1m[32mINSERT INTO "ar_internal_metadata" ("key", "value", "created_at", "updated_at") VALUES ($1, $2, $3, $4) RETURNING "key"[0m  [["key", "environment"], ["value", "development"], ["created_at", "2022-05-13 12:11:44.984859"], ["updated_at", "2022-05-13 12:11:44.984859"]]
  [1m[35m (0.5ms)[0m  [1m[35mCOMMIT[0m
  [1m[36mActiveRecord::InternalMetadata Load (0.2ms)[0m  [1m[34mSELECT  "ar_internal_metadata".* FROM "ar_internal_metadata" WHERE "ar_internal_metadata"."key" = $1 LIMIT $2[0m  [["key", "environment"], ["LIMIT", 1]]
  [1m[35m (0.1ms)[0m  [1m[35mBEGIN[0m
  [1m[35mSQL (0.3ms)[0m  [1m[33mUPDATE "ar_internal_metadata" SET "value" = $1, "updated_at" = $2 WHERE "ar_internal_metadata"."key" = $3[0m  [["value", "test"], ["updated_at", "2022-05-13 12:11:44.989123"], ["key", "environment"]]
  [1m[35m (0.4ms)[0m  [1m[35mCOMMIT[0m
  [1m[36mActiveRecord::SchemaMigration Load (0.4ms)[0m  [1m[34mSELECT "schema_migrations".* FROM "schema_migrations"[0m
  [1m[35m (0.2ms)[0m  [1m[35mBEGIN[0m
  [1m[35mSQL (0.9ms)[0m  [1m[32mINSERT INTO "partners" ("name", "experience", "lon", "lat", "operating_radius", "rating", "created_at", "updated_at") VALUES ($1, $2, $3, $4, $5, $6, $7, $8) RETURNING "id"[0m  [["name", "Johnson McTest"], ["experience", "{wood,carpet,tiles}"], ["lon", "6.357238"], ["lat", "63.572375"], ["operating_radius", 500], ["rating", 3], ["created_at", "2022-05-13 12:11:45.025716"], ["updated_at", "2022-05-13 12:11:45.025716"]]
  [1m[35m (0.4ms)[0m  [1m[35mCOMMIT[0m
Started GET "/api/v1/partners" for ::1 at 2022-05-13 14:11:49 +0200
  [1m[36mActiveRecord::SchemaMigration Load (0.4ms)[0m  [1m[34mSELECT "schema_migrations".* FROM "schema_migrations"[0m
Processing by Api::V1::PartnersController#index as HTML
  [1m[36mPartner Load (0.4ms)[0m  [1m[34mSELECT "partners".* FROM "partners"[0m
Completed 200 OK in 12ms (Views: 7.3ms | ActiveRecord: 3.1ms)


Started GET "/api/v1/partners" for ::1 at 2022-05-13 14:13:35 +0200
  [1m[36mActiveRecord::SchemaMigration Load (0.4ms)[0m  [1m[34mSELECT "schema_migrations".* FROM "schema_migrations"[0m
Processing by Api::V1::PartnersController#index as */*
  [1m[36mPartner Load (0.5ms)[0m  [1m[34mSELECT "partners".* FROM "partners"[0m
Completed 200 OK in 13ms (Views: 6.3ms | ActiveRecord: 3.4ms)


Started GET "/api/v1/partners" for 127.0.0.1 at 2022-05-13 14:53:08 +0200
  [1m[36mActiveRecord::SchemaMigration Load (0.4ms)[0m  [1m[34mSELECT "schema_migrations".* FROM "schema_migrations"[0m
Processing by Api::V1::PartnersController#index as HTML
  [1m[36mPartner Load (0.4ms)[0m  [1m[34mSELECT "partners".* FROM "partners"[0m
Completed 200 OK in 12ms (Views: 6.4ms | ActiveRecord: 3.2ms)


  [1m[35m (1.5ms)[0m  [1m[34mSELECT pg_try_advisory_lock(1579006800738244710);[0m
  [1m[36mActiveRecord::SchemaMigration Load (1.0ms)[0m  [1m[34mSELECT "schema_migrations".* FROM "schema_migrations"[0m
  [1m[36mActiveRecord::InternalMetadata Load (0.4ms)[0m  [1m[34mSELECT  "ar_internal_metadata".* FROM "ar_internal_metadata" WHERE "ar_internal_metadata"."key" = $1 LIMIT $2[0m  [["key", "environment"], ["LIMIT", 1]]
  [1m[35m (0.1ms)[0m  [1m[35mBEGIN[0m
  [1m[35m (0.1ms)[0m  [1m[35mCOMMIT[0m
  [1m[35m (0.2ms)[0m  [1m[34mSELECT pg_advisory_unlock(1579006800738244710)[0m
  [1m[36mActiveRecord::SchemaMigration Load (0.2ms)[0m  [1m[34mSELECT "schema_migrations".* FROM "schema_migrations"[0m
Started GET "/api/v1/partners" for 127.0.0.1 at 2022-05-14 12:11:32 +0200
  [1m[36mActiveRecord::SchemaMigration Load (0.4ms)[0m  [1m[34mSELECT "schema_migrations".* FROM "schema_migrations"[0m
Processing by Api::V1::PartnersController#index as HTML
  [1m[36mPartner Load (0.7ms)[0m  [1m[34mSELECT "partners".* FROM "partners"[0m
Completed 200 OK in 12ms (Views: 6.4ms | ActiveRecord: 3.6ms)


  [1m[36mActiveRecord::SchemaMigration Load (0.6ms)[0m  [1m[34mSELECT "schema_migrations".* FROM "schema_migrations"[0m
  [1m[35m (0.5ms)[0m  [1m[34mSELECT "ar_internal_metadata"."value" FROM "ar_internal_metadata" WHERE "ar_internal_metadata"."key" = $1[0m  [["key", "environment"]]
  [1m[36mActiveRecord::SchemaMigration Load (0.1ms)[0m  [1m[34mSELECT "schema_migrations".* FROM "schema_migrations"[0m
  [1m[35m (0.1ms)[0m  [1m[34mSELECT "ar_internal_metadata"."value" FROM "ar_internal_metadata" WHERE "ar_internal_metadata"."key" = $1[0m  [["key", "environment"]]
  [1m[36mActiveRecord::SchemaMigration Load (0.1ms)[0m  [1m[34mSELECT "schema_migrations".* FROM "schema_migrations"[0m
  [1m[35m (0.1ms)[0m  [1m[34mSELECT "ar_internal_metadata"."value" FROM "ar_internal_metadata" WHERE "ar_internal_metadata"."key" = $1[0m  [["key", "environment"]]
  [1m[35m (178.5ms)[0m  [1m[35mDROP DATABASE IF EXISTS "coding_challenge_gb_development"[0m
  [1m[35m (208.5ms)[0m  [1m[35mDROP DATABASE IF EXISTS "coding_challenge_gb_test"[0m
  [1m[35m (6.0ms)[0m  [1m[35mCREATE TABLE "schema_migrations" ("version" character varying PRIMARY KEY)[0m
  [1m[35m (2.8ms)[0m  [1m[35mCREATE TABLE "ar_internal_metadata" ("key" character varying PRIMARY KEY, "value" character varying, "created_at" timestamp NOT NULL, "updated_at" timestamp NOT NULL)[0m
  [1m[35m (0.3ms)[0m  [1m[34mSELECT pg_try_advisory_lock(1579006800738244710);[0m
  [1m[36mActiveRecord::SchemaMigration Load (0.6ms)[0m  [1m[34mSELECT "schema_migrations".* FROM "schema_migrations"[0m
Migrating to CreatePartners (20220513114947)
  [1m[35m (0.2ms)[0m  [1m[35mBEGIN[0m
  [1m[35m (4.5ms)[0m  [1m[35mCREATE TABLE "partners" ("id" serial primary key, "name" character varying, "experience" character varying[] DEFAULT '{}', "lon" decimal(10,6), "lat" decimal(10,6), "operating_radius" integer DEFAULT 0, "rating" integer DEFAULT 0, "created_at" timestamp NOT NULL, "updated_at" timestamp NOT NULL)[0m
  [1m[35mSQL (0.6ms)[0m  [1m[32mINSERT INTO "schema_migrations" ("version") VALUES ($1) RETURNING "version"[0m  [["version", "20220513114947"]]
  [1m[35m (0.4ms)[0m  [1m[35mCOMMIT[0m
  [1m[36mActiveRecord::InternalMetadata Load (0.3ms)[0m  [1m[34mSELECT  "ar_internal_metadata".* FROM "ar_internal_metadata" WHERE "ar_internal_metadata"."key" = $1 LIMIT $2[0m  [["key", "environment"], ["LIMIT", 1]]
  [1m[35m (0.1ms)[0m  [1m[35mBEGIN[0m
  [1m[35mSQL (0.4ms)[0m  [1m[32mINSERT INTO "ar_internal_metadata" ("key", "value", "created_at", "updated_at") VALUES ($1, $2, $3, $4) RETURNING "key"[0m  [["key", "environment"], ["value", "development"], ["created_at", "2022-05-14 10:27:04.734864"], ["updated_at", "2022-05-14 10:27:04.734864"]]
  [1m[35m (0.5ms)[0m  [1m[35mCOMMIT[0m
  [1m[35m (0.3ms)[0m  [1m[34mSELECT pg_advisory_unlock(1579006800738244710)[0m
  [1m[36mActiveRecord::SchemaMigration Load (0.2ms)[0m  [1m[34mSELECT "schema_migrations".* FROM "schema_migrations"[0m
  [1m[36mPartner Load (0.6ms)[0m  [1m[34mSELECT "partners".* FROM "partners"[0m
  [1m[36mPartner Load (0.2ms)[0m  [1m[34mSELECT  "partners".* FROM "partners" ORDER BY "partners"."id" ASC LIMIT $1[0m  [["LIMIT", 1]]
  [1m[36mActiveRecord::SchemaMigration Load (0.6ms)[0m  [1m[34mSELECT "schema_migrations".* FROM "schema_migrations"[0m
  [1m[35m (0.2ms)[0m  [1m[35mBEGIN[0m
  [1m[35mSQL (0.9ms)[0m  [1m[32mINSERT INTO "partners" ("name", "experience", "lon", "lat", "operating_radius", "rating", "created_at", "updated_at") VALUES ($1, $2, $3, $4, $5, $6, $7, $8) RETURNING "id"[0m  [["name", "Johnson McTest"], ["experience", "{wood,carpet,tiles}"], ["lon", "6.357238"], ["lat", "63.572375"], ["operating_radius", 500], ["rating", 3], ["created_at", "2022-05-14 10:28:36.205514"], ["updated_at", "2022-05-14 10:28:36.205514"]]
  [1m[35m (2.0ms)[0m  [1m[35mCOMMIT[0m
  [1m[36mPartner Load (0.4ms)[0m  [1m[34mSELECT  "partners".* FROM "partners" ORDER BY "partners"."id" DESC LIMIT $1[0m  [["LIMIT", 1]]
  [1m[36mPartner Load (0.6ms)[0m  [1m[34mSELECT "partners".* FROM "partners" WHERE "partners"."experience" = $1[0m  [["experience", "carpet"]]
  [1m[36mPartner Load (0.5ms)[0m  [1m[34mSELECT "partners".* FROM "partners" WHERE (experience 'carpet')[0m
  [1m[36mPartner Load (0.5ms)[0m  [1m[34mSELECT "partners".* FROM "partners" WHERE (experience = 'carpet')[0m
  [1m[36mPartner Load (0.6ms)[0m  [1m[34mSELECT "partners".* FROM "partners" WHERE ('carpet' in experience)[0m
  [1m[36mPartner Load (0.5ms)[0m  [1m[34mSELECT "partners".* FROM "partners" WHERE (mat = ANY (experience))[0m
  [1m[36mPartner Load (0.7ms)[0m  [1m[34mSELECT "partners".* FROM "partners" WHERE ('carpet' = ANY (experience))[0m
  [1m[35m (0.5ms)[0m  [1m[34mSELECT COUNT(*) FROM "partners" WHERE ('carpet' = ANY (experience))[0m
  [1m[35m (0.5ms)[0m  [1m[34mSELECT COUNT(*) FROM "partners" WHERE ( mat = ANY (experience))[0m
  [1m[35m (0.4ms)[0m  [1m[34mSELECT COUNT(*) FROM "partners" WHERE ( :mat = ANY (experience))[0m
Started GET "/api/v1/partners?experience=%22carpet%22" for ::1 at 2022-05-14 12:42:16 +0200
  [1m[36mActiveRecord::SchemaMigration Load (0.4ms)[0m  [1m[34mSELECT "schema_migrations".* FROM "schema_migrations"[0m
Processing by Api::V1::PartnersController#index as */*
  Parameters: {"experience"=>"\"carpet\""}
Completed 500 Internal Server Error in 73ms (ActiveRecord: 0.0ms)


  
NameError (undefined local variable or method `paramns' for #<Api::V1::PartnersController:0x00007f7f111bf7a0>
Did you mean?  params
               params=):
  
app/controllers/api/v1/partners_controller.rb:6:in `index'
  [1m[36mPartner Load (0.9ms)[0m  [1m[34mSELECT "partners".* FROM "partners" WHERE (carpet = ANY (experience))[0m
  [1m[36mPartner Load (0.5ms)[0m  [1m[34mSELECT "partners".* FROM "partners" WHERE (mat = ANY (experience))[0m
Started GET "/api/v1/partners?service=%22carpet%22" for ::1 at 2022-05-14 12:45:18 +0200
  [1m[36mActiveRecord::SchemaMigration Load (0.4ms)[0m  [1m[34mSELECT "schema_migrations".* FROM "schema_migrations"[0m
  
SyntaxError (/Users/gregor.barth/Code/coding_challenge_gb/app/controllers/api/v1/partners_controller.rb:27: unterminated string meets end of file
/Users/gregor.barth/Code/coding_challenge_gb/app/controllers/api/v1/partners_controller.rb:27: syntax error, unexpected end-of-input, expecting ')'):
  
app/controllers/api/v1/partners_controller.rb:27: unterminated string meets end of file
app/controllers/api/v1/partners_controller.rb:27: syntax error, unexpected end-of-input, expecting ')'
Started GET "/api/v1/partners?service=%22carpet%22" for ::1 at 2022-05-14 12:45:36 +0200
Processing by Api::V1::PartnersController#index as */*
  Parameters: {"service"=>"\"carpet\""}
  [1m[36mPartner Load (0.5ms)[0m  [1m[34mSELECT "partners".* FROM "partners" WHERE ( "carpet" = ANY (experience))[0m
Completed 500 Internal Server Error in 5ms (ActiveRecord: 0.5ms)


  
ActiveRecord::StatementInvalid (PG::UndefinedColumn: ERROR:  column "carpet" does not exist
LINE 1: SELECT "partners".* FROM "partners" WHERE ( "carpet" = ANY (...
                                                    ^
: SELECT "partners".* FROM "partners" WHERE ( "carpet" = ANY (experience))):
  
app/controllers/api/v1/partners_controller.rb:10:in `index'
Started GET "/api/v1/partners?service=%22carpet%22" for ::1 at 2022-05-14 12:47:31 +0200
Processing by Api::V1::PartnersController#index as */*
  Parameters: {"service"=>"\"carpet\""}
  [1m[36mPartner Load (0.9ms)[0m  [1m[34mSELECT "partners".* FROM "partners" WHERE ( "carpet" = ANY (experience))[0m
Completed 500 Internal Server Error in 4ms (ActiveRecord: 0.9ms)


  
ActiveRecord::StatementInvalid (PG::UndefinedColumn: ERROR:  column "carpet" does not exist
LINE 1: SELECT "partners".* FROM "partners" WHERE ( "carpet" = ANY (...
                                                    ^
: SELECT "partners".* FROM "partners" WHERE ( "carpet" = ANY (experience))):
  
app/controllers/api/v1/partners_controller.rb:11:in `index'
Started GET "/api/v1/partners?service=%22carpet%22" for ::1 at 2022-05-14 12:47:47 +0200
Processing by Api::V1::PartnersController#index as */*
  Parameters: {"service"=>"\"carpet\""}
  [1m[36mPartner Load (0.4ms)[0m  [1m[34mSELECT "partners".* FROM "partners" WHERE ( service = ANY (experience))[0m
Completed 500 Internal Server Error in 4ms (ActiveRecord: 0.4ms)


  
ActiveRecord::StatementInvalid (PG::UndefinedColumn: ERROR:  column "service" does not exist
LINE 1: SELECT "partners".* FROM "partners" WHERE ( service = ANY (e...
                                                    ^
: SELECT "partners".* FROM "partners" WHERE ( service = ANY (experience))):
  
app/controllers/api/v1/partners_controller.rb:11:in `index'
Started GET "/api/v1/partners?service=%22carpet%22" for ::1 at 2022-05-14 12:48:59 +0200
Processing by Api::V1::PartnersController#index as */*
  Parameters: {"service"=>"\"carpet\""}
  [1m[36mPartner Load (0.4ms)[0m  [1m[34mSELECT "partners".* FROM "partners" WHERE (experience @> "carpet")[0m
Completed 500 Internal Server Error in 4ms (ActiveRecord: 0.4ms)


  
ActiveRecord::StatementInvalid (PG::UndefinedColumn: ERROR:  column "carpet" does not exist
LINE 1: ... "partners".* FROM "partners" WHERE (experience @> "carpet")
                                                              ^
: SELECT "partners".* FROM "partners" WHERE (experience @> "carpet")):
  
app/controllers/api/v1/partners_controller.rb:11:in `index'
Started GET "/api/v1/partners?service=%22carpet%22" for ::1 at 2022-05-14 12:49:19 +0200
Processing by Api::V1::PartnersController#index as */*
  Parameters: {"service"=>"\"carpet\""}
  [1m[36mPartner Load (1.0ms)[0m  [1m[34mSELECT "partners".* FROM "partners" WHERE (experience @> 'carpet')[0m
Completed 500 Internal Server Error in 7ms (ActiveRecord: 1.0ms)


  
ActiveRecord::StatementInvalid (PG::InvalidTextRepresentation: ERROR:  malformed array literal: "carpet"
LINE 1: ... "partners".* FROM "partners" WHERE (experience @> 'carpet')
                                                              ^
DETAIL:  Array value must start with "{" or dimension information.
: SELECT "partners".* FROM "partners" WHERE (experience @> 'carpet')):
  
app/controllers/api/v1/partners_controller.rb:11:in `index'
Started GET "/api/v1/partners?service=%22carpet%22" for ::1 at 2022-05-14 12:50:03 +0200
Processing by Api::V1::PartnersController#index as */*
  Parameters: {"service"=>"\"carpet\""}
  [1m[36mPartner Load (0.5ms)[0m  [1m[34mSELECT "partners".* FROM "partners" WHERE (experience @> 'carpet')[0m
Completed 500 Internal Server Error in 4ms (ActiveRecord: 0.5ms)


  
ActiveRecord::StatementInvalid (PG::InvalidTextRepresentation: ERROR:  malformed array literal: "carpet"
LINE 1: ... "partners".* FROM "partners" WHERE (experience @> 'carpet')
                                                              ^
DETAIL:  Array value must start with "{" or dimension information.
: SELECT "partners".* FROM "partners" WHERE (experience @> 'carpet')):
  
app/controllers/api/v1/partners_controller.rb:11:in `index'
Started GET "/api/v1/partners?service=%22carpet%22" for ::1 at 2022-05-14 12:50:15 +0200
Processing by Api::V1::PartnersController#index as */*
  Parameters: {"service"=>"\"carpet\""}
  [1m[36mPartner Load (0.8ms)[0m  [1m[34mSELECT "partners".* FROM "partners" WHERE (experience @> '{carpet}')[0m
Completed 200 OK in 14ms (Views: 6.5ms | ActiveRecord: 4.7ms)


Started GET "/api/v1/partners?service=%22carpet%22" for ::1 at 2022-05-14 12:50:36 +0200
Processing by Api::V1::PartnersController#index as */*
  Parameters: {"service"=>"\"carpet\""}
  [1m[36mPartner Load (0.3ms)[0m  [1m[34mSELECT "partners".* FROM "partners" WHERE (experience @> '{service}')[0m
Completed 200 OK in 5ms (Views: 1.2ms | ActiveRecord: 0.3ms)


Started GET "/api/v1/partners?service=%22carpet%22" for ::1 at 2022-05-14 12:50:38 +0200
Processing by Api::V1::PartnersController#index as */*
  Parameters: {"service"=>"\"carpet\""}
  [1m[36mPartner Load (7.5ms)[0m  [1m[34mSELECT "partners".* FROM "partners" WHERE (experience @> '{service}')[0m
Completed 200 OK in 9ms (Views: 1.1ms | ActiveRecord: 7.5ms)


Started GET "/api/v1/partners?service=carpet" for ::1 at 2022-05-14 12:50:45 +0200
Processing by Api::V1::PartnersController#index as */*
  Parameters: {"service"=>"carpet"}
  [1m[36mPartner Load (0.2ms)[0m  [1m[34mSELECT "partners".* FROM "partners" WHERE (experience @> '{service}')[0m
Completed 200 OK in 1ms (Views: 0.5ms | ActiveRecord: 0.2ms)


  [1m[36mPartner Load (0.9ms)[0m  [1m[34mSELECT "partners".* FROM "partners" WHERE (experience @> '{service}')[0m
  [1m[36mPartner Load (0.5ms)[0m  [1m[34mSELECT "partners".* FROM "partners" WHERE (experience @> '{carpet}')[0m
Started GET "/api/v1/partners?service=carpet" for ::1 at 2022-05-14 12:52:12 +0200
  [1m[36mActiveRecord::SchemaMigration Load (0.4ms)[0m  [1m[34mSELECT "schema_migrations".* FROM "schema_migrations"[0m
Processing by Api::V1::PartnersController#index as */*
  Parameters: {"service"=>"carpet"}
  [1m[36mPartner Load (0.8ms)[0m  [1m[34mSELECT "partners".* FROM "partners" WHERE (experience @> '{carpet}')[0m
Completed 200 OK in 15ms (Views: 7.4ms | ActiveRecord: 4.5ms)


Started GET "/api/v1/partners?service=carpet&lat=52.509232&lon=13.375840" for ::1 at 2022-05-14 13:03:25 +0200
  [1m[36mActiveRecord::SchemaMigration Load (0.5ms)[0m  [1m[34mSELECT "schema_migrations".* FROM "schema_migrations"[0m
Processing by Api::V1::PartnersController#index as */*
  Parameters: {"service"=>"carpet", "lat"=>"52.509232", "lon"=>"13.375840"}
  [1m[36mPartner Load (0.9ms)[0m  [1m[34mSELECT "partners".* FROM "partners" WHERE (experience @> '{carpet}')[0m
Completed 200 OK in 14ms (Views: 7.2ms | ActiveRecord: 4.5ms)


Started GET "/api/v1/partners?service=carpet&lat=52.509232&lon=13.375840" for ::1 at 2022-05-14 13:07:09 +0200
  [1m[36mActiveRecord::SchemaMigration Load (0.5ms)[0m  [1m[34mSELECT "schema_migrations".* FROM "schema_migrations"[0m
  
SyntaxError (/Users/gregor.barth/Code/coding_challenge_gb/app/controllers/api/v1/partners_controller.rb:7: syntax error, unexpected '\n', expecting '='
          .call
               ^
/Users/gregor.barth/Code/coding_challenge_gb/app/controllers/api/v1/partners_controller.rb:12: syntax error, unexpected keyword_end, expecting ')'
      end
      ^~~
/Users/gregor.barth/Code/coding_challenge_gb/app/controllers/api/v1/partners_controller.rb:26: syntax error, unexpected keyword_end, expecting ')'
    end
    ^~~):
  
app/controllers/api/v1/partners_controller.rb:7: syntax error, unexpected '\n', expecting '='
app/controllers/api/v1/partners_controller.rb:12: syntax error, unexpected keyword_end, expecting ')'
app/controllers/api/v1/partners_controller.rb:26: syntax error, unexpected keyword_end, expecting ')'
Started GET "/api/v1/partners?service=carpet&lat=52.509232&lon=13.375840" for ::1 at 2022-05-14 13:07:43 +0200
  
SyntaxError (/Users/gregor.barth/Code/coding_challenge_gb/app/controllers/api/v1/partners_controller.rb:7: syntax error, unexpected '\n', expecting '='
          .call
               ^
/Users/gregor.barth/Code/coding_challenge_gb/app/controllers/api/v1/partners_controller.rb:12: syntax error, unexpected keyword_end, expecting ')'
      end
      ^~~
/Users/gregor.barth/Code/coding_challenge_gb/app/controllers/api/v1/partners_controller.rb:26: syntax error, unexpected keyword_end, expecting ')'
    end
    ^~~):
  
app/controllers/api/v1/partners_controller.rb:7: syntax error, unexpected '\n', expecting '='
app/controllers/api/v1/partners_controller.rb:12: syntax error, unexpected keyword_end, expecting ')'
app/controllers/api/v1/partners_controller.rb:26: syntax error, unexpected keyword_end, expecting ')'
Started GET "/api/v1/partners?service=carpet&lat=52.509232&lon=13.375840" for ::1 at 2022-05-14 13:12:36 +0200
  [1m[36mActiveRecord::SchemaMigration Load (0.6ms)[0m  [1m[34mSELECT "schema_migrations".* FROM "schema_migrations"[0m
  
SyntaxError (/Users/gregor.barth/Code/coding_challenge_gb/app/controllers/api/v1/partners_controller.rb:6: syntax error, unexpected '\n', expecting '='
          .call
               ^
/Users/gregor.barth/Code/coding_challenge_gb/app/controllers/api/v1/partners_controller.rb:11: syntax error, unexpected keyword_end, expecting ')'
      end
      ^~~
/Users/gregor.barth/Code/coding_challenge_gb/app/controllers/api/v1/partners_controller.rb:25: syntax error, unexpected keyword_end, expecting ')'
    end
    ^~~):
  
app/controllers/api/v1/partners_controller.rb:6: syntax error, unexpected '\n', expecting '='
app/controllers/api/v1/partners_controller.rb:11: syntax error, unexpected keyword_end, expecting ')'
app/controllers/api/v1/partners_controller.rb:25: syntax error, unexpected keyword_end, expecting ')'
Started GET "/api/v1/partners?service=carpet&lat=52.509232&lon=13.375840" for ::1 at 2022-05-14 13:13:38 +0200
  
SyntaxError (/Users/gregor.barth/Code/coding_challenge_gb/app/controllers/api/v1/partners_controller.rb:5: syntax error, unexpected '\n', expecting '='
...rams[:lat], (params[:lon]).call
...                               ^
/Users/gregor.barth/Code/coding_challenge_gb/app/controllers/api/v1/partners_controller.rb:8: syntax error, unexpected keyword_end, expecting ')'
      end
      ^~~
/Users/gregor.barth/Code/coding_challenge_gb/app/controllers/api/v1/partners_controller.rb:22: syntax error, unexpected keyword_end, expecting ')'
    end
    ^~~):
  
app/controllers/api/v1/partners_controller.rb:5: syntax error, unexpected '\n', expecting '='
app/controllers/api/v1/partners_controller.rb:8: syntax error, unexpected keyword_end, expecting ')'
app/controllers/api/v1/partners_controller.rb:22: syntax error, unexpected keyword_end, expecting ')'
Started GET "/api/v1/partners?service=carpet&lat=52.509232&lon=13.375840" for ::1 at 2022-05-14 13:14:13 +0200
Processing by Api::V1::PartnersController#index as */*
  Parameters: {"service"=>"carpet", "lat"=>"52.509232", "lon"=>"13.375840"}
Completed 500 Internal Server Error in 4ms (ActiveRecord: 0.0ms)


  
NoMethodError (undefined method `where' for nil:NilClass):
  
app/services/matching_partners_query.rb:22:in `filter_by_service'
app/services/matching_partners_query.rb:10:in `call'
app/controllers/api/v1/partners_controller.rb:5:in `index'
  [1m[36mPartner Load (0.6ms)[0m  [1m[34mSELECT "partners".* FROM "partners"[0m
  [1m[36mPartner Load (1.2ms)[0m  [1m[34mSELECT "partners".* FROM "partners"[0m
  [1m[36mPartner Load (0.7ms)[0m  [1m[34mSELECT "partners".* FROM "partners" WHERE (experience @> '{carpet}')[0m
Started GET "/api/v1/partners?service=carpet&lat=52.509232&lon=13.375840" for ::1 at 2022-05-14 13:26:03 +0200
  [1m[36mActiveRecord::SchemaMigration Load (0.6ms)[0m  [1m[34mSELECT "schema_migrations".* FROM "schema_migrations"[0m
Processing by Api::V1::PartnersController#index as */*
  Parameters: {"service"=>"carpet", "lat"=>"52.509232", "lon"=>"13.375840"}
Completed 500 Internal Server Error in 5ms (ActiveRecord: 0.0ms)


  
ArgumentError (wrong number of arguments (given 1, expected 0)):
  
app/services/matching_partners_query.rb:21:in `filter_by_service'
app/services/matching_partners_query.rb:10:in `call'
app/controllers/api/v1/partners_controller.rb:5:in `index'
Started GET "/api/v1/partners?service=carpet&lat=52.509232&lon=13.375840" for ::1 at 2022-05-14 13:26:30 +0200
Processing by Api::V1::PartnersController#index as */*
  Parameters: {"service"=>"carpet", "lat"=>"52.509232", "lon"=>"13.375840"}
  [1m[36mPartner Load (0.8ms)[0m  [1m[34mSELECT "partners".* FROM "partners" WHERE (experience @> '{carpet}')[0m
Completed 200 OK in 19ms (Views: 7.9ms | ActiveRecord: 7.3ms)


Started GET "/api/v1/partners?service=carpet&lat=52.509232&lon=13.375840" for ::1 at 2022-05-14 13:26:45 +0200
Processing by Api::V1::PartnersController#index as */*
  Parameters: {"service"=>"carpet", "lat"=>"52.509232", "lon"=>"13.375840"}
  [1m[36mPartner Load (13.9ms)[0m  [1m[34mSELECT "partners".* FROM "partners" WHERE (experience @> '{carpet}')[0m
Completed 200 OK in 19ms (Views: 4.7ms | ActiveRecord: 13.9ms)


Started GET "/api/v1/partners?service=carpet&lat=52.509232&lon=13.375840" for ::1 at 2022-05-14 13:34:31 +0200
  [1m[36mActiveRecord::SchemaMigration Load (0.5ms)[0m  [1m[34mSELECT "schema_migrations".* FROM "schema_migrations"[0m
Processing by Api::V1::PartnersController#index as */*
  Parameters: {"service"=>"carpet", "lat"=>"52.509232", "lon"=>"13.375840"}
Completed 500 Internal Server Error in 1ms (ActiveRecord: 0.0ms)


  
ArgumentError (wrong number of arguments (given 1, expected 3)):
  
app/services/matching_partners_query.rb:2:in `initialize'
app/controllers/api/v1/partners_controller.rb:7:in `new'
app/controllers/api/v1/partners_controller.rb:7:in `index'
Started GET "/api/v1/partners?service=carpet&lat=52.509232&lon=13.375840" for ::1 at 2022-05-14 13:35:17 +0200
Processing by Api::V1::PartnersController#index as */*
  Parameters: {"service"=>"carpet", "lat"=>"52.509232", "lon"=>"13.375840"}
  [1m[36mPartner Load (0.8ms)[0m  [1m[34mSELECT "partners".* FROM "partners" WHERE (experience @> '{carpet}')[0m
Completed 200 OK in 18ms (Views: 6.9ms | ActiveRecord: 4.6ms)


Started GET "/api/v1/partners?service=carpet&lat=52.509232&lon=13.375840" for ::1 at 2022-05-14 13:36:29 +0200
Processing by Api::V1::PartnersController#index as */*
  Parameters: {"service"=>"carpet", "lat"=>"52.509232", "lon"=>"13.375840"}
  [1m[36mPartner Load (0.3ms)[0m  [1m[34mSELECT "partners".* FROM "partners" WHERE (experience @> '{carpet}')[0m
Completed 200 OK in 9ms (Views: 5.8ms | ActiveRecord: 0.3ms)


  [1m[36mActiveRecord::SchemaMigration Load (0.5ms)[0m  [1m[34mSELECT "schema_migrations".* FROM "schema_migrations"[0m
  [1m[35m (0.2ms)[0m  [1m[35mBEGIN[0m
  [1m[35mSQL (0.6ms)[0m  [1m[32mINSERT INTO "partners" ("name", "experience", "lon", "lat", "operating_radius", "rating", "created_at", "updated_at") VALUES ($1, $2, $3, $4, $5, $6, $7, $8) RETURNING "id"[0m  [["name", "Johnson McTest"], ["experience", "{wood,carpet,tiles}"], ["lon", "13.37584"], ["lat", "52.509232"], ["operating_radius", 2000], ["rating", 3], ["created_at", "2022-05-14 11:36:45.635533"], ["updated_at", "2022-05-14 11:36:45.635533"]]
  [1m[35m (1.8ms)[0m  [1m[35mCOMMIT[0m
  [1m[35m (0.2ms)[0m  [1m[35mBEGIN[0m
  [1m[35mSQL (0.3ms)[0m  [1m[32mINSERT INTO "partners" ("name", "experience", "lon", "lat", "operating_radius", "rating", "created_at", "updated_at") VALUES ($1, $2, $3, $4, $5, $6, $7, $8) RETURNING "id"[0m  [["name", "Martin Router King"], ["experience", "{carpet}"], ["lon", "13.49831"], ["lat", "52.51456"], ["operating_radius", 5000], ["rating", 5], ["created_at", "2022-05-14 11:36:45.639839"], ["updated_at", "2022-05-14 11:36:45.639839"]]
  [1m[35m (0.5ms)[0m  [1m[35mCOMMIT[0m
  [1m[35m (0.2ms)[0m  [1m[35mBEGIN[0m
  [1m[35mSQL (0.4ms)[0m  [1m[32mINSERT INTO "partners" ("name", "experience", "lon", "lat", "operating_radius", "rating", "created_at", "updated_at") VALUES ($1, $2, $3, $4, $5, $6, $7, $8) RETURNING "id"[0m  [["name", "Mr Lazy"], ["experience", "{wood,carpet,tiles}"], ["lon", "13.57636"], ["lat", "52.45472"], ["operating_radius", 10], ["rating", 5], ["created_at", "2022-05-14 11:36:45.642213"], ["updated_at", "2022-05-14 11:36:45.642213"]]
  [1m[35m (0.5ms)[0m  [1m[35mCOMMIT[0m
  [1m[35m (0.2ms)[0m  [1m[35mBEGIN[0m
  [1m[35mSQL (0.3ms)[0m  [1m[32mINSERT INTO "partners" ("name", "experience", "lon", "lat", "operating_radius", "rating", "created_at", "updated_at") VALUES ($1, $2, $3, $4, $5, $6, $7, $8) RETURNING "id"[0m  [["name", "Mr Onlywood"], ["experience", "{wood}"], ["lon", "13.57636"], ["lat", "52.45472"], ["operating_radius", 3000], ["rating", 1], ["created_at", "2022-05-14 11:36:45.644800"], ["updated_at", "2022-05-14 11:36:45.644800"]]
  [1m[35m (0.4ms)[0m  [1m[35mCOMMIT[0m
Started GET "/api/v1/partners?service=carpet&lat=52.509232&lon=13.375840" for ::1 at 2022-05-14 13:37:02 +0200
  [1m[36mActiveRecord::SchemaMigration Load (0.5ms)[0m  [1m[34mSELECT "schema_migrations".* FROM "schema_migrations"[0m
Processing by Api::V1::PartnersController#index as */*
  Parameters: {"service"=>"carpet", "lat"=>"52.509232", "lon"=>"13.375840"}
  [1m[36mPartner Load (1.0ms)[0m  [1m[34mSELECT "partners".* FROM "partners" WHERE (experience @> '{carpet}')[0m
Completed 200 OK in 22ms (Views: 11.4ms | ActiveRecord: 4.1ms)


  [1m[36mActiveRecord::SchemaMigration Load (3.9ms)[0m  [1m[34mSELECT "schema_migrations".* FROM "schema_migrations"[0m
  [1m[35m (0.3ms)[0m  [1m[34mSELECT "ar_internal_metadata"."value" FROM "ar_internal_metadata" WHERE "ar_internal_metadata"."key" = $1[0m  [["key", "environment"]]
  [1m[36mActiveRecord::SchemaMigration Load (0.1ms)[0m  [1m[34mSELECT "schema_migrations".* FROM "schema_migrations"[0m
  [1m[35m (0.1ms)[0m  [1m[34mSELECT "ar_internal_metadata"."value" FROM "ar_internal_metadata" WHERE "ar_internal_metadata"."key" = $1[0m  [["key", "environment"]]
  [1m[36mActiveRecord::SchemaMigration Load (0.1ms)[0m  [1m[34mSELECT "schema_migrations".* FROM "schema_migrations"[0m
  [1m[35m (0.1ms)[0m  [1m[34mSELECT "ar_internal_metadata"."value" FROM "ar_internal_metadata" WHERE "ar_internal_metadata"."key" = $1[0m  [["key", "environment"]]
  [1m[35m (7868.7ms)[0m  [1m[35mDROP DATABASE IF EXISTS "coding_challenge_gb_development"[0m
  [1m[36mActiveRecord::SchemaMigration Load (0.6ms)[0m  [1m[34mSELECT "schema_migrations".* FROM "schema_migrations"[0m
  [1m[35m (0.3ms)[0m  [1m[34mSELECT "ar_internal_metadata"."value" FROM "ar_internal_metadata" WHERE "ar_internal_metadata"."key" = $1[0m  [["key", "environment"]]
  [1m[36mActiveRecord::SchemaMigration Load (0.1ms)[0m  [1m[34mSELECT "schema_migrations".* FROM "schema_migrations"[0m
  [1m[35m (0.3ms)[0m  [1m[34mSELECT "ar_internal_metadata"."value" FROM "ar_internal_metadata" WHERE "ar_internal_metadata"."key" = $1[0m  [["key", "environment"]]
  [1m[36mActiveRecord::SchemaMigration Load (0.1ms)[0m  [1m[34mSELECT "schema_migrations".* FROM "schema_migrations"[0m
  [1m[35m (0.1ms)[0m  [1m[34mSELECT "ar_internal_metadata"."value" FROM "ar_internal_metadata" WHERE "ar_internal_metadata"."key" = $1[0m  [["key", "environment"]]
  [1m[35m (204.4ms)[0m  [1m[35mDROP DATABASE IF EXISTS "coding_challenge_gb_development"[0m
  [1m[35m (198.1ms)[0m  [1m[35mDROP DATABASE IF EXISTS "coding_challenge_gb_test"[0m
  [1m[35m (441.8ms)[0m  [1m[35mCREATE DATABASE "coding_challenge_gb_development" ENCODING = 'unicode'[0m
  [1m[35m (429.0ms)[0m  [1m[35mCREATE DATABASE "coding_challenge_gb_test" ENCODING = 'unicode'[0m
  [1m[35mSQL (0.3ms)[0m  [1m[35mCREATE EXTENSION IF NOT EXISTS "plpgsql"[0m
  [1m[35m (7.7ms)[0m  [1m[35mCREATE TABLE "partners" ("id" serial primary key, "name" character varying, "experience" character varying[] DEFAULT '{}', "lon" decimal(10,6), "lat" decimal(10,6), "operating_radius" integer DEFAULT 0, "rating" integer DEFAULT 0, "created_at" timestamp NOT NULL, "updated_at" timestamp NOT NULL)[0m
  [1m[35m (1.4ms)[0m  [1m[35mCREATE  INDEX  "index_partners_on_experience" ON "partners" USING gin ("experience")[0m
  [1m[35m (4.0ms)[0m  [1m[35mCREATE TABLE "schema_migrations" ("version" character varying PRIMARY KEY)[0m
  [1m[35m (0.6ms)[0m  [1m[34mSELECT version FROM "schema_migrations"[0m
  [1m[35m (0.6ms)[0m  [1m[32mINSERT INTO "schema_migrations" (version) VALUES (20220513114947)[0m
  [1m[35m (4.1ms)[0m  [1m[35mCREATE TABLE "ar_internal_metadata" ("key" character varying PRIMARY KEY, "value" character varying, "created_at" timestamp NOT NULL, "updated_at" timestamp NOT NULL)[0m
  [1m[36mActiveRecord::InternalMetadata Load (0.8ms)[0m  [1m[34mSELECT  "ar_internal_metadata".* FROM "ar_internal_metadata" WHERE "ar_internal_metadata"."key" = $1 LIMIT $2[0m  [["key", "environment"], ["LIMIT", 1]]
  [1m[35m (0.2ms)[0m  [1m[35mBEGIN[0m
  [1m[35mSQL (0.6ms)[0m  [1m[32mINSERT INTO "ar_internal_metadata" ("key", "value", "created_at", "updated_at") VALUES ($1, $2, $3, $4) RETURNING "key"[0m  [["key", "environment"], ["value", "development"], ["created_at", "2022-05-14 11:38:02.657058"], ["updated_at", "2022-05-14 11:38:02.657058"]]
  [1m[35m (0.4ms)[0m  [1m[35mCOMMIT[0m
  [1m[36mActiveRecord::InternalMetadata Load (0.2ms)[0m  [1m[34mSELECT  "ar_internal_metadata".* FROM "ar_internal_metadata" WHERE "ar_internal_metadata"."key" = $1 LIMIT $2[0m  [["key", "environment"], ["LIMIT", 1]]
  [1m[35m (0.1ms)[0m  [1m[35mBEGIN[0m
  [1m[35m (0.1ms)[0m  [1m[35mCOMMIT[0m
  [1m[35mSQL (0.3ms)[0m  [1m[35mCREATE EXTENSION IF NOT EXISTS "plpgsql"[0m
  [1m[35m (8.1ms)[0m  [1m[35mCREATE TABLE "partners" ("id" serial primary key, "name" character varying, "experience" character varying[] DEFAULT '{}', "lon" decimal(10,6), "lat" decimal(10,6), "operating_radius" integer DEFAULT 0, "rating" integer DEFAULT 0, "created_at" timestamp NOT NULL, "updated_at" timestamp NOT NULL)[0m
  [1m[35m (1.4ms)[0m  [1m[35mCREATE  INDEX  "index_partners_on_experience" ON "partners" USING gin ("experience")[0m
  [1m[35m (3.9ms)[0m  [1m[35mCREATE TABLE "schema_migrations" ("version" character varying PRIMARY KEY)[0m
  [1m[35m (0.4ms)[0m  [1m[34mSELECT version FROM "schema_migrations"[0m
  [1m[35m (0.8ms)[0m  [1m[32mINSERT INTO "schema_migrations" (version) VALUES (20220513114947)[0m
  [1m[35m (4.3ms)[0m  [1m[35mCREATE TABLE "ar_internal_metadata" ("key" character varying PRIMARY KEY, "value" character varying, "created_at" timestamp NOT NULL, "updated_at" timestamp NOT NULL)[0m
  [1m[36mActiveRecord::InternalMetadata Load (0.5ms)[0m  [1m[34mSELECT  "ar_internal_metadata".* FROM "ar_internal_metadata" WHERE "ar_internal_metadata"."key" = $1 LIMIT $2[0m  [["key", "environment"], ["LIMIT", 1]]
  [1m[35m (0.1ms)[0m  [1m[35mBEGIN[0m
  [1m[35mSQL (0.4ms)[0m  [1m[32mINSERT INTO "ar_internal_metadata" ("key", "value", "created_at", "updated_at") VALUES ($1, $2, $3, $4) RETURNING "key"[0m  [["key", "environment"], ["value", "development"], ["created_at", "2022-05-14 11:38:02.712879"], ["updated_at", "2022-05-14 11:38:02.712879"]]
  [1m[35m (0.5ms)[0m  [1m[35mCOMMIT[0m
  [1m[36mActiveRecord::InternalMetadata Load (0.2ms)[0m  [1m[34mSELECT  "ar_internal_metadata".* FROM "ar_internal_metadata" WHERE "ar_internal_metadata"."key" = $1 LIMIT $2[0m  [["key", "environment"], ["LIMIT", 1]]
  [1m[35m (0.1ms)[0m  [1m[35mBEGIN[0m
  [1m[35mSQL (0.4ms)[0m  [1m[33mUPDATE "ar_internal_metadata" SET "value" = $1, "updated_at" = $2 WHERE "ar_internal_metadata"."key" = $3[0m  [["value", "test"], ["updated_at", "2022-05-14 11:38:02.716878"], ["key", "environment"]]
  [1m[35m (0.8ms)[0m  [1m[35mCOMMIT[0m
  [1m[36mActiveRecord::SchemaMigration Load (0.4ms)[0m  [1m[34mSELECT "schema_migrations".* FROM "schema_migrations"[0m
  [1m[35m (0.2ms)[0m  [1m[35mBEGIN[0m
  [1m[35mSQL (0.9ms)[0m  [1m[32mINSERT INTO "partners" ("name", "experience", "lon", "lat", "operating_radius", "rating", "created_at", "updated_at") VALUES ($1, $2, $3, $4, $5, $6, $7, $8) RETURNING "id"[0m  [["name", "Johnson McTest"], ["experience", "{wood,carpet,tiles}"], ["lon", "13.37584"], ["lat", "52.509232"], ["operating_radius", 2000], ["rating", 3], ["created_at", "2022-05-14 11:38:02.748415"], ["updated_at", "2022-05-14 11:38:02.748415"]]
  [1m[35m (0.8ms)[0m  [1m[35mCOMMIT[0m
  [1m[35m (0.2ms)[0m  [1m[35mBEGIN[0m
  [1m[35mSQL (0.3ms)[0m  [1m[32mINSERT INTO "partners" ("name", "experience", "lon", "lat", "operating_radius", "rating", "created_at", "updated_at") VALUES ($1, $2, $3, $4, $5, $6, $7, $8) RETURNING "id"[0m  [["name", "Martin Router King"], ["experience", "{carpet}"], ["lon", "13.49831"], ["lat", "52.51456"], ["operating_radius", 5000], ["rating", 5], ["created_at", "2022-05-14 11:38:02.752038"], ["updated_at", "2022-05-14 11:38:02.752038"]]
  [1m[35m (0.4ms)[0m  [1m[35mCOMMIT[0m
  [1m[35m (0.1ms)[0m  [1m[35mBEGIN[0m
  [1m[35mSQL (0.2ms)[0m  [1m[32mINSERT INTO "partners" ("name", "experience", "lon", "lat", "operating_radius", "rating", "created_at", "updated_at") VALUES ($1, $2, $3, $4, $5, $6, $7, $8) RETURNING "id"[0m  [["name", "Mr Lazy"], ["experience", "{wood,carpet,tiles}"], ["lon", "13.57636"], ["lat", "52.45472"], ["operating_radius", 10], ["rating", 5], ["created_at", "2022-05-14 11:38:02.753996"], ["updated_at", "2022-05-14 11:38:02.753996"]]
  [1m[35m (0.4ms)[0m  [1m[35mCOMMIT[0m
  [1m[35m (0.1ms)[0m  [1m[35mBEGIN[0m
  [1m[35mSQL (0.2ms)[0m  [1m[32mINSERT INTO "partners" ("name", "experience", "lon", "lat", "operating_radius", "rating", "created_at", "updated_at") VALUES ($1, $2, $3, $4, $5, $6, $7, $8) RETURNING "id"[0m  [["name", "Mr Onlywood"], ["experience", "{wood}"], ["lon", "13.57636"], ["lat", "52.45472"], ["operating_radius", 3000], ["rating", 1], ["created_at", "2022-05-14 11:38:02.755668"], ["updated_at", "2022-05-14 11:38:02.755668"]]
  [1m[35m (0.7ms)[0m  [1m[35mCOMMIT[0m
  [1m[35m (0.2ms)[0m  [1m[34mSELECT pg_try_advisory_lock(1579006800738244710);[0m
  [1m[36mActiveRecord::SchemaMigration Load (0.5ms)[0m  [1m[34mSELECT "schema_migrations".* FROM "schema_migrations"[0m
  [1m[36mActiveRecord::InternalMetadata Load (0.4ms)[0m  [1m[34mSELECT  "ar_internal_metadata".* FROM "ar_internal_metadata" WHERE "ar_internal_metadata"."key" = $1 LIMIT $2[0m  [["key", "environment"], ["LIMIT", 1]]
  [1m[35m (0.2ms)[0m  [1m[35mBEGIN[0m
  [1m[35m (0.1ms)[0m  [1m[35mCOMMIT[0m
  [1m[35m (0.2ms)[0m  [1m[34mSELECT pg_advisory_unlock(1579006800738244710)[0m
  [1m[36mActiveRecord::SchemaMigration Load (0.2ms)[0m  [1m[34mSELECT "schema_migrations".* FROM "schema_migrations"[0m
  [1m[36mActiveRecord::SchemaMigration Load (0.4ms)[0m  [1m[34mSELECT "schema_migrations".* FROM "schema_migrations"[0m
  [1m[35m (0.2ms)[0m  [1m[35mBEGIN[0m
  [1m[35mSQL (0.8ms)[0m  [1m[32mINSERT INTO "partners" ("name", "experience", "lon", "lat", "operating_radius", "rating", "created_at", "updated_at") VALUES ($1, $2, $3, $4, $5, $6, $7, $8) RETURNING "id"[0m  [["name", "Johnson McTest"], ["experience", "{wood,carpet,tiles}"], ["lon", "13.37584"], ["lat", "52.509232"], ["operating_radius", 2000], ["rating", 3], ["created_at", "2022-05-14 11:38:17.045782"], ["updated_at", "2022-05-14 11:38:17.045782"]]
  [1m[35m (1.9ms)[0m  [1m[35mCOMMIT[0m
  [1m[35m (0.1ms)[0m  [1m[35mBEGIN[0m
  [1m[35mSQL (0.3ms)[0m  [1m[32mINSERT INTO "partners" ("name", "experience", "lon", "lat", "operating_radius", "rating", "created_at", "updated_at") VALUES ($1, $2, $3, $4, $5, $6, $7, $8) RETURNING "id"[0m  [["name", "Martin Router King"], ["experience", "{carpet}"], ["lon", "13.49831"], ["lat", "52.51456"], ["operating_radius", 5000], ["rating", 5], ["created_at", "2022-05-14 11:38:17.050275"], ["updated_at", "2022-05-14 11:38:17.050275"]]
  [1m[35m (0.4ms)[0m  [1m[35mCOMMIT[0m
  [1m[35m (0.1ms)[0m  [1m[35mBEGIN[0m
  [1m[35mSQL (0.3ms)[0m  [1m[32mINSERT INTO "partners" ("name", "experience", "lon", "lat", "operating_radius", "rating", "created_at", "updated_at") VALUES ($1, $2, $3, $4, $5, $6, $7, $8) RETURNING "id"[0m  [["name", "Mr Lazy"], ["experience", "{wood,carpet,tiles}"], ["lon", "13.57636"], ["lat", "52.45472"], ["operating_radius", 10], ["rating", 5], ["created_at", "2022-05-14 11:38:17.052266"], ["updated_at", "2022-05-14 11:38:17.052266"]]
  [1m[35m (0.5ms)[0m  [1m[35mCOMMIT[0m
  [1m[35m (0.2ms)[0m  [1m[35mBEGIN[0m
  [1m[35mSQL (0.4ms)[0m  [1m[32mINSERT INTO "partners" ("name", "experience", "lon", "lat", "operating_radius", "rating", "created_at", "updated_at") VALUES ($1, $2, $3, $4, $5, $6, $7, $8) RETURNING "id"[0m  [["name", "Mr Onlywood"], ["experience", "{wood}"], ["lon", "13.57636"], ["lat", "52.45472"], ["operating_radius", 3000], ["rating", 1], ["created_at", "2022-05-14 11:38:17.054408"], ["updated_at", "2022-05-14 11:38:17.054408"]]
  [1m[35m (0.6ms)[0m  [1m[35mCOMMIT[0m
  [1m[36mActiveRecord::SchemaMigration Load (0.6ms)[0m  [1m[34mSELECT "schema_migrations".* FROM "schema_migrations"[0m
  [1m[35m (0.4ms)[0m  [1m[34mSELECT "ar_internal_metadata"."value" FROM "ar_internal_metadata" WHERE "ar_internal_metadata"."key" = $1[0m  [["key", "environment"]]
  [1m[36mActiveRecord::SchemaMigration Load (0.1ms)[0m  [1m[34mSELECT "schema_migrations".* FROM "schema_migrations"[0m
  [1m[35m (0.2ms)[0m  [1m[34mSELECT "ar_internal_metadata"."value" FROM "ar_internal_metadata" WHERE "ar_internal_metadata"."key" = $1[0m  [["key", "environment"]]
  [1m[36mActiveRecord::SchemaMigration Load (0.1ms)[0m  [1m[34mSELECT "schema_migrations".* FROM "schema_migrations"[0m
  [1m[35m (0.1ms)[0m  [1m[34mSELECT "ar_internal_metadata"."value" FROM "ar_internal_metadata" WHERE "ar_internal_metadata"."key" = $1[0m  [["key", "environment"]]
  [1m[35m (204.9ms)[0m  [1m[35mDROP DATABASE IF EXISTS "coding_challenge_gb_development"[0m
  [1m[35m (137.9ms)[0m  [1m[35mDROP DATABASE IF EXISTS "coding_challenge_gb_test"[0m
  [1m[35m (412.1ms)[0m  [1m[35mCREATE DATABASE "coding_challenge_gb_development" ENCODING = 'unicode'[0m
  [1m[35m (373.6ms)[0m  [1m[35mCREATE DATABASE "coding_challenge_gb_test" ENCODING = 'unicode'[0m
  [1m[35m (5.2ms)[0m  [1m[35mCREATE TABLE "schema_migrations" ("version" character varying PRIMARY KEY)[0m
  [1m[35m (3.3ms)[0m  [1m[35mCREATE TABLE "ar_internal_metadata" ("key" character varying PRIMARY KEY, "value" character varying, "created_at" timestamp NOT NULL, "updated_at" timestamp NOT NULL)[0m
  [1m[35m (0.3ms)[0m  [1m[34mSELECT pg_try_advisory_lock(1579006800738244710);[0m
  [1m[36mActiveRecord::SchemaMigration Load (0.4ms)[0m  [1m[34mSELECT "schema_migrations".* FROM "schema_migrations"[0m
Migrating to CreatePartners (20220513114947)
  [1m[35m (0.1ms)[0m  [1m[35mBEGIN[0m
  [1m[35m (5.0ms)[0m  [1m[35mCREATE TABLE "partners" ("id" serial primary key, "name" character varying, "experience" character varying[] DEFAULT '{}', "lon" decimal(10,6), "lat" decimal(10,6), "operating_radius" integer DEFAULT 0, "rating" integer DEFAULT 0, "created_at" timestamp NOT NULL, "updated_at" timestamp NOT NULL)[0m
  [1m[35mSQL (0.7ms)[0m  [1m[32mINSERT INTO "schema_migrations" ("version") VALUES ($1) RETURNING "version"[0m  [["version", "20220513114947"]]
  [1m[35m (0.6ms)[0m  [1m[35mCOMMIT[0m
  [1m[36mActiveRecord::InternalMetadata Load (0.5ms)[0m  [1m[34mSELECT  "ar_internal_metadata".* FROM "ar_internal_metadata" WHERE "ar_internal_metadata"."key" = $1 LIMIT $2[0m  [["key", "environment"], ["LIMIT", 1]]
  [1m[35m (0.1ms)[0m  [1m[35mBEGIN[0m
  [1m[35mSQL (0.5ms)[0m  [1m[32mINSERT INTO "ar_internal_metadata" ("key", "value", "created_at", "updated_at") VALUES ($1, $2, $3, $4) RETURNING "key"[0m  [["key", "environment"], ["value", "development"], ["created_at", "2022-05-14 11:39:42.889097"], ["updated_at", "2022-05-14 11:39:42.889097"]]
  [1m[35m (0.5ms)[0m  [1m[35mCOMMIT[0m
  [1m[35m (0.3ms)[0m  [1m[34mSELECT pg_advisory_unlock(1579006800738244710)[0m
  [1m[36mActiveRecord::SchemaMigration Load (0.2ms)[0m  [1m[34mSELECT "schema_migrations".* FROM "schema_migrations"[0m
  [1m[36mActiveRecord::SchemaMigration Load (0.1ms)[0m  [1m[34mSELECT "schema_migrations".* FROM "schema_migrations"[0m
  [1m[35m (0.1ms)[0m  [1m[35mBEGIN[0m
  [1m[35mSQL (0.8ms)[0m  [1m[32mINSERT INTO "partners" ("name", "experience", "lon", "lat", "operating_radius", "rating", "created_at", "updated_at") VALUES ($1, $2, $3, $4, $5, $6, $7, $8) RETURNING "id"[0m  [["name", "Johnson McTest"], ["experience", "{wood,carpet,tiles}"], ["lon", "13.37584"], ["lat", "52.509232"], ["operating_radius", 2000], ["rating", 3], ["created_at", "2022-05-14 11:39:42.921415"], ["updated_at", "2022-05-14 11:39:42.921415"]]
  [1m[35m (0.5ms)[0m  [1m[35mCOMMIT[0m
  [1m[35m (0.2ms)[0m  [1m[35mBEGIN[0m
  [1m[35mSQL (0.3ms)[0m  [1m[32mINSERT INTO "partners" ("name", "experience", "lon", "lat", "operating_radius", "rating", "created_at", "updated_at") VALUES ($1, $2, $3, $4, $5, $6, $7, $8) RETURNING "id"[0m  [["name", "Martin Router King"], ["experience", "{carpet}"], ["lon", "13.49831"], ["lat", "52.51456"], ["operating_radius", 5000], ["rating", 5], ["created_at", "2022-05-14 11:39:42.925207"], ["updated_at", "2022-05-14 11:39:42.925207"]]
  [1m[35m (0.5ms)[0m  [1m[35mCOMMIT[0m
  [1m[35m (0.1ms)[0m  [1m[35mBEGIN[0m
  [1m[35mSQL (0.3ms)[0m  [1m[32mINSERT INTO "partners" ("name", "experience", "lon", "lat", "operating_radius", "rating", "created_at", "updated_at") VALUES ($1, $2, $3, $4, $5, $6, $7, $8) RETURNING "id"[0m  [["name", "Mr Lazy"], ["experience", "{wood,carpet,tiles}"], ["lon", "13.57636"], ["lat", "52.45472"], ["operating_radius", 10], ["rating", 5], ["created_at", "2022-05-14 11:39:42.927227"], ["updated_at", "2022-05-14 11:39:42.927227"]]
  [1m[35m (0.5ms)[0m  [1m[35mCOMMIT[0m
  [1m[35m (0.2ms)[0m  [1m[35mBEGIN[0m
  [1m[35mSQL (0.3ms)[0m  [1m[32mINSERT INTO "partners" ("name", "experience", "lon", "lat", "operating_radius", "rating", "created_at", "updated_at") VALUES ($1, $2, $3, $4, $5, $6, $7, $8) RETURNING "id"[0m  [["name", "Mr Onlywood"], ["experience", "{wood}"], ["lon", "13.57636"], ["lat", "52.45472"], ["operating_radius", 3000], ["rating", 1], ["created_at", "2022-05-14 11:39:42.929583"], ["updated_at", "2022-05-14 11:39:42.929583"]]
  [1m[35m (0.5ms)[0m  [1m[35mCOMMIT[0m
Started GET "/api/v1/partners?service=carpet&lat=52.509232&lon=13.375840" for ::1 at 2022-05-14 13:39:52 +0200
  [1m[36mActiveRecord::SchemaMigration Load (0.6ms)[0m  [1m[34mSELECT "schema_migrations".* FROM "schema_migrations"[0m
Processing by Api::V1::PartnersController#index as */*
  Parameters: {"service"=>"carpet", "lat"=>"52.509232", "lon"=>"13.375840"}
  [1m[36mPartner Load (3.7ms)[0m  [1m[34mSELECT "partners".* FROM "partners" WHERE (experience @> '{carpet}')[0m
Completed 200 OK in 28ms (Views: 13.6ms | ActiveRecord: 8.3ms)


Started GET "/api/v1/partners?service=carpet&lat=52.509232&lon=13.375840" for ::1 at 2022-05-14 13:45:57 +0200
  [1m[36mActiveRecord::SchemaMigration Load (0.4ms)[0m  [1m[34mSELECT "schema_migrations".* FROM "schema_migrations"[0m
Processing by Api::V1::PartnersController#index as */*
  Parameters: {"service"=>"carpet", "lat"=>"52.509232", "lon"=>"13.375840"}
  [1m[36mPartner Load (0.7ms)[0m  [1m[34mSELECT "partners".* FROM "partners" WHERE (experience @> '{carpet}') ORDER BY "partners"."rating" ASC, "partners"."desc" ASC[0m
Completed 500 Internal Server Error in 6ms (ActiveRecord: 0.7ms)


  
ActiveRecord::StatementInvalid (PG::UndefinedColumn: ERROR:  column partners.desc does not exist
LINE 1: ... @> '{carpet}') ORDER BY "partners"."rating" ASC, "partners"...
                                                             ^
: SELECT "partners".* FROM "partners" WHERE (experience @> '{carpet}') ORDER BY "partners"."rating" ASC, "partners"."desc" ASC):
  
app/controllers/api/v1/partners_controller.rb:7:in `index'
Started GET "/api/v1/partners?service=carpet&lat=52.509232&lon=13.375840" for ::1 at 2022-05-14 13:47:14 +0200
Processing by Api::V1::PartnersController#index as */*
  Parameters: {"service"=>"carpet", "lat"=>"52.509232", "lon"=>"13.375840"}
  [1m[36mPartner Load (0.8ms)[0m  [1m[34mSELECT "partners".* FROM "partners" WHERE (experience @> '{carpet}') ORDER BY "partners"."rating" DESC[0m
Completed 200 OK in 21ms (Views: 7.1ms | ActiveRecord: 10.0ms)


Started GET "/api/v1/partners?service=carpet&lat=52.509232&lon=13.375840&test=test" for ::1 at 2022-05-14 13:47:50 +0200
  [1m[36mActiveRecord::SchemaMigration Load (0.4ms)[0m  [1m[34mSELECT "schema_migrations".* FROM "schema_migrations"[0m
Processing by Api::V1::PartnersController#index as */*
  Parameters: {"service"=>"carpet", "lat"=>"52.509232", "lon"=>"13.375840", "test"=>"test"}
Unpermitted parameter: test
  [1m[36mPartner Load (0.9ms)[0m  [1m[34mSELECT "partners".* FROM "partners" WHERE (experience @> '{carpet}') ORDER BY "partners"."rating" DESC[0m
Completed 200 OK in 16ms (Views: 8.1ms | ActiveRecord: 3.9ms)


Started GET "/api/v1/partners?service=carpet&lat=52.509232&lon=13.375840&=" for ::1 at 2022-05-14 13:48:40 +0200
  [1m[36mActiveRecord::SchemaMigration Load (0.5ms)[0m  [1m[34mSELECT "schema_migrations".* FROM "schema_migrations"[0m
Processing by Api::V1::PartnersController#index as */*
  Parameters: {"service"=>"carpet", "lat"=>"52.509232", "lon"=>"13.375840"}
Completed 500 Internal Server Error in 1ms (ActiveRecord: 0.0ms)


  
ArgumentError (wrong number of arguments (given 3, expected 1)):
  
app/controllers/api/v1/partners_controller.rb:13:in `index_params'
app/controllers/api/v1/partners_controller.rb:5:in `index'
Started GET "/api/v1/partners?service=carpet&lat=52.509232&lon=13.375840" for ::1 at 2022-05-14 13:50:30 +0200
Processing by Api::V1::PartnersController#index as */*
  Parameters: {"service"=>"carpet", "lat"=>"52.509232", "lon"=>"13.375840"}
Completed 500 Internal Server Error in 0ms (ActiveRecord: 0.0ms)


  
ArgumentError (wrong number of arguments (given 3, expected 1)):
  
app/controllers/api/v1/partners_controller.rb:13:in `index_params'
app/controllers/api/v1/partners_controller.rb:5:in `index'
Started GET "/api/v1/partners?service=&lat=52.509232&lon=13.375840" for ::1 at 2022-05-14 13:52:04 +0200
Processing by Api::V1::PartnersController#index as */*
  Parameters: {"service"=>"", "lat"=>"52.509232", "lon"=>"13.375840"}
  [1m[36mPartner Load (1.2ms)[0m  [1m[34mSELECT "partners".* FROM "partners" WHERE (experience @> '{}') ORDER BY "partners"."rating" DESC[0m
Completed 200 OK in 22ms (Views: 10.6ms | ActiveRecord: 5.2ms)


Started GET "/api/v1/partners?service=haus&lat=52.509232&lon=13.375840" for ::1 at 2022-05-14 15:53:14 +0200
  [1m[36mActiveRecord::SchemaMigration Load (0.5ms)[0m  [1m[34mSELECT "schema_migrations".* FROM "schema_migrations"[0m
Processing by Api::V1::PartnersController#index as */*
  Parameters: {"service"=>"haus", "lat"=>"52.509232", "lon"=>"13.375840"}
  [1m[36mPartner Load (0.7ms)[0m  [1m[34mSELECT "partners".* FROM "partners"[0m
  [1m[36mPartner Load (0.7ms)[0m  [1m[34mSELECT "partners".* FROM "partners" WHERE (experience @> '{haus}') ORDER BY "partners"."rating" DESC[0m
Completed 200 OK in 18ms (Views: 0.8ms | ActiveRecord: 4.6ms)


Started GET "/api-docs" for 127.0.0.1 at 2022-05-14 16:06:52 +0200
  [1m[36mActiveRecord::SchemaMigration Load (0.4ms)[0m  [1m[34mSELECT "schema_migrations".* FROM "schema_migrations"[0m
Started GET "/api-docs/index.html" for 127.0.0.1 at 2022-05-14 16:06:52 +0200
Started GET "/api-docs/swagger-ui.css" for 127.0.0.1 at 2022-05-14 16:06:52 +0200
Started GET "/api-docs/swagger-ui-standalone-preset.js" for 127.0.0.1 at 2022-05-14 16:06:52 +0200
Started GET "/api-docs/swagger-ui-bundle.js" for 127.0.0.1 at 2022-05-14 16:06:52 +0200
Started GET "/api-docs/favicon-32x32.png" for 127.0.0.1 at 2022-05-14 16:06:52 +0200
Started GET "/api-docs/v1/swagger.yaml" for 127.0.0.1 at 2022-05-14 16:06:52 +0200
Started GET "/api/v1/partners?service=carpet&lat=52.509232&lon=13.375840" for ::1 at 2022-05-14 16:09:38 +0200
  [1m[36mActiveRecord::SchemaMigration Load (0.6ms)[0m  [1m[34mSELECT "schema_migrations".* FROM "schema_migrations"[0m
Processing by Api::V1::PartnersController#index as */*
  Parameters: {"service"=>"carpet", "lat"=>"52.509232", "lon"=>"13.375840"}
Completed 500 Internal Server Error in 50ms (ActiveRecord: 0.0ms)


  
NoMethodError (undefined method `paramsrequire' for #<Api::V1::PartnersController:0x00007fee4781e178>):
  
app/controllers/api/v1/partners_controller.rb:13:in `index_params'
app/controllers/api/v1/partners_controller.rb:5:in `index'
Started GET "/api/v1/partners?service=carpet&lat=52.509232&lon=13.375840" for ::1 at 2022-05-14 16:09:51 +0200
Processing by Api::V1::PartnersController#index as */*
  Parameters: {"service"=>"carpet", "lat"=>"52.509232", "lon"=>"13.375840"}
Completed 500 Internal Server Error in 6ms (ActiveRecord: 0.0ms)


  
NoMethodError (undefined method `permit' for "carpet":String):
  
app/controllers/api/v1/partners_controller.rb:14:in `index_params'
app/controllers/api/v1/partners_controller.rb:5:in `index'
Started GET "/api/v1/partners?service=carpet&lat=52.509232&lon=13.375840" for ::1 at 2022-05-14 16:10:50 +0200
Processing by Api::V1::PartnersController#index as */*
  Parameters: {"service"=>"carpet", "lat"=>"52.509232", "lon"=>"13.375840"}
Completed 500 Internal Server Error in 3ms (ActiveRecord: 0.0ms)


  
NoMethodError (undefined method `permit' for "carpet":String):
  
app/controllers/api/v1/partners_controller.rb:14:in `index_params'
app/controllers/api/v1/partners_controller.rb:5:in `index'
  [1m[36mPartner Load (0.5ms)[0m  [1m[34mSELECT "partners".* FROM "partners"[0m
  [1m[35m (0.7ms)[0m  [1m[34mSELECT COUNT(*) FROM "partners"[0m
  [1m[36mPartner Load (0.2ms)[0m  [1m[34mSELECT  "partners".* FROM "partners" ORDER BY "partners"."id" ASC LIMIT $1[0m  [["LIMIT", 1]]
  [1m[36mPartner Load (0.4ms)[0m  [1m[34mSELECT "partners".* FROM "partners"[0m
  [1m[36mActiveRecord::SchemaMigration Load (0.5ms)[0m  [1m[34mSELECT "schema_migrations".* FROM "schema_migrations"[0m
  [1m[35m (2.0ms)[0m  [1m[34mSELECT "ar_internal_metadata"."value" FROM "ar_internal_metadata" WHERE "ar_internal_metadata"."key" = $1[0m  [["key", "environment"]]
  [1m[36mActiveRecord::SchemaMigration Load (0.2ms)[0m  [1m[34mSELECT "schema_migrations".* FROM "schema_migrations"[0m
  [1m[35m (0.1ms)[0m  [1m[34mSELECT "ar_internal_metadata"."value" FROM "ar_internal_metadata" WHERE "ar_internal_metadata"."key" = $1[0m  [["key", "environment"]]
  [1m[36mActiveRecord::SchemaMigration Load (0.1ms)[0m  [1m[34mSELECT "schema_migrations".* FROM "schema_migrations"[0m
  [1m[35m (0.1ms)[0m  [1m[34mSELECT "ar_internal_metadata"."value" FROM "ar_internal_metadata" WHERE "ar_internal_metadata"."key" = $1[0m  [["key", "environment"]]
  [1m[35m (214.2ms)[0m  [1m[35mDROP DATABASE IF EXISTS "coding_challenge_gb_development"[0m
  [1m[35m (203.8ms)[0m  [1m[35mDROP DATABASE IF EXISTS "coding_challenge_gb_test"[0m
  [1m[35m (393.7ms)[0m  [1m[35mCREATE DATABASE "coding_challenge_gb_development" ENCODING = 'unicode'[0m
  [1m[35m (378.0ms)[0m  [1m[35mCREATE DATABASE "coding_challenge_gb_test" ENCODING = 'unicode'[0m
  [1m[35m (4.6ms)[0m  [1m[35mCREATE TABLE "schema_migrations" ("version" character varying PRIMARY KEY)[0m
  [1m[35m (3.0ms)[0m  [1m[35mCREATE TABLE "ar_internal_metadata" ("key" character varying PRIMARY KEY, "value" character varying, "created_at" timestamp NOT NULL, "updated_at" timestamp NOT NULL)[0m
  [1m[35m (0.2ms)[0m  [1m[34mSELECT pg_try_advisory_lock(1579006800738244710);[0m
  [1m[36mActiveRecord::SchemaMigration Load (0.3ms)[0m  [1m[34mSELECT "schema_migrations".* FROM "schema_migrations"[0m
Migrating to CreatePartners (20220513114947)
  [1m[35m (0.1ms)[0m  [1m[35mBEGIN[0m
  [1m[35m (3.9ms)[0m  [1m[35mCREATE TABLE "partners" ("id" serial primary key, "name" character varying, "experience" character varying[] DEFAULT '{}', "lon" decimal(10,6), "lat" decimal(10,6), "operating_radius" integer DEFAULT 0, "rating" integer DEFAULT 0, "created_at" timestamp NOT NULL, "updated_at" timestamp NOT NULL)[0m
  [1m[35mSQL (0.6ms)[0m  [1m[32mINSERT INTO "schema_migrations" ("version") VALUES ($1) RETURNING "version"[0m  [["version", "20220513114947"]]
  [1m[35m (1.0ms)[0m  [1m[35mCOMMIT[0m
  [1m[36mActiveRecord::InternalMetadata Load (0.5ms)[0m  [1m[34mSELECT  "ar_internal_metadata".* FROM "ar_internal_metadata" WHERE "ar_internal_metadata"."key" = $1 LIMIT $2[0m  [["key", "environment"], ["LIMIT", 1]]
  [1m[35m (0.1ms)[0m  [1m[35mBEGIN[0m
  [1m[35mSQL (0.4ms)[0m  [1m[32mINSERT INTO "ar_internal_metadata" ("key", "value", "created_at", "updated_at") VALUES ($1, $2, $3, $4) RETURNING "key"[0m  [["key", "environment"], ["value", "development"], ["created_at", "2022-05-14 14:51:20.545248"], ["updated_at", "2022-05-14 14:51:20.545248"]]
  [1m[35m (0.5ms)[0m  [1m[35mCOMMIT[0m
  [1m[35m (0.3ms)[0m  [1m[34mSELECT pg_advisory_unlock(1579006800738244710)[0m
  [1m[36mActiveRecord::SchemaMigration Load (0.3ms)[0m  [1m[34mSELECT "schema_migrations".* FROM "schema_migrations"[0m
  [1m[36mActiveRecord::SchemaMigration Load (0.1ms)[0m  [1m[34mSELECT "schema_migrations".* FROM "schema_migrations"[0m
  [1m[35m (0.1ms)[0m  [1m[35mBEGIN[0m
  [1m[35mSQL (0.6ms)[0m  [1m[32mINSERT INTO "partners" ("name", "experience", "lon", "lat", "operating_radius", "rating", "created_at", "updated_at") VALUES ($1, $2, $3, $4, $5, $6, $7, $8) RETURNING "id"[0m  [["name", "Johnson McTest"], ["experience", "{wood,carpet,tiles}"], ["lon", "13.37584"], ["lat", "52.509232"], ["operating_radius", 2000], ["rating", 3], ["created_at", "2022-05-14 14:51:20.613677"], ["updated_at", "2022-05-14 14:51:20.613677"]]
  [1m[35m (0.5ms)[0m  [1m[35mCOMMIT[0m
  [1m[35m (0.1ms)[0m  [1m[35mBEGIN[0m
  [1m[35mSQL (0.3ms)[0m  [1m[32mINSERT INTO "partners" ("name", "experience", "lon", "lat", "operating_radius", "rating", "created_at", "updated_at") VALUES ($1, $2, $3, $4, $5, $6, $7, $8) RETURNING "id"[0m  [["name", "Martin Router King"], ["experience", "{carpet}"], ["lon", "13.49831"], ["lat", "52.51456"], ["operating_radius", 5000], ["rating", 5], ["created_at", "2022-05-14 14:51:20.616541"], ["updated_at", "2022-05-14 14:51:20.616541"]]
  [1m[35m (0.5ms)[0m  [1m[35mCOMMIT[0m
  [1m[35m (0.2ms)[0m  [1m[35mBEGIN[0m
  [1m[35mSQL (0.3ms)[0m  [1m[32mINSERT INTO "partners" ("name", "experience", "lon", "lat", "operating_radius", "rating", "created_at", "updated_at") VALUES ($1, $2, $3, $4, $5, $6, $7, $8) RETURNING "id"[0m  [["name", "Mr Lazy"], ["experience", "{wood,carpet,tiles}"], ["lon", "13.57636"], ["lat", "52.45472"], ["operating_radius", 10], ["rating", 5], ["created_at", "2022-05-14 14:51:20.622678"], ["updated_at", "2022-05-14 14:51:20.622678"]]
  [1m[35m (0.4ms)[0m  [1m[35mCOMMIT[0m
  [1m[35m (0.1ms)[0m  [1m[35mBEGIN[0m
  [1m[35mSQL (0.3ms)[0m  [1m[32mINSERT INTO "partners" ("name", "experience", "lon", "lat", "operating_radius", "rating", "created_at", "updated_at") VALUES ($1, $2, $3, $4, $5, $6, $7, $8) RETURNING "id"[0m  [["name", "Mr Onlywood"], ["experience", "{wood}"], ["lon", "13.57696"], ["lat", "52.45472"], ["operating_radius", 3000], ["rating", 1], ["created_at", "2022-05-14 14:51:20.624769"], ["updated_at", "2022-05-14 14:51:20.624769"]]
  [1m[35m (0.4ms)[0m  [1m[35mCOMMIT[0m
  [1m[36mPartner Load (0.4ms)[0m  [1m[34mSELECT "partners".* FROM "partners"[0m
  [1m[36mActiveRecord::SchemaMigration Load (0.4ms)[0m  [1m[34mSELECT "schema_migrations".* FROM "schema_migrations"[0m
  [1m[35m (0.3ms)[0m  [1m[34mSELECT "ar_internal_metadata"."value" FROM "ar_internal_metadata" WHERE "ar_internal_metadata"."key" = $1[0m  [["key", "environment"]]
  [1m[36mActiveRecord::SchemaMigration Load (0.2ms)[0m  [1m[34mSELECT "schema_migrations".* FROM "schema_migrations"[0m
  [1m[35m (0.1ms)[0m  [1m[34mSELECT "ar_internal_metadata"."value" FROM "ar_internal_metadata" WHERE "ar_internal_metadata"."key" = $1[0m  [["key", "environment"]]
  [1m[36mActiveRecord::SchemaMigration Load (0.1ms)[0m  [1m[34mSELECT "schema_migrations".* FROM "schema_migrations"[0m
  [1m[35m (0.1ms)[0m  [1m[34mSELECT "ar_internal_metadata"."value" FROM "ar_internal_metadata" WHERE "ar_internal_metadata"."key" = $1[0m  [["key", "environment"]]
  [1m[35m (191.5ms)[0m  [1m[35mDROP DATABASE IF EXISTS "coding_challenge_gb_development"[0m
  [1m[35m (199.7ms)[0m  [1m[35mDROP DATABASE IF EXISTS "coding_challenge_gb_test"[0m
  [1m[35m (447.0ms)[0m  [1m[35mCREATE DATABASE "coding_challenge_gb_development" ENCODING = 'unicode'[0m
  [1m[35m (558.7ms)[0m  [1m[35mCREATE DATABASE "coding_challenge_gb_test" ENCODING = 'unicode'[0m
  [1m[35m (5.0ms)[0m  [1m[35mCREATE TABLE "schema_migrations" ("version" character varying PRIMARY KEY)[0m
  [1m[35m (3.9ms)[0m  [1m[35mCREATE TABLE "ar_internal_metadata" ("key" character varying PRIMARY KEY, "value" character varying, "created_at" timestamp NOT NULL, "updated_at" timestamp NOT NULL)[0m
  [1m[35m (0.2ms)[0m  [1m[34mSELECT pg_try_advisory_lock(1579006800738244710);[0m
  [1m[36mActiveRecord::SchemaMigration Load (0.4ms)[0m  [1m[34mSELECT "schema_migrations".* FROM "schema_migrations"[0m
Migrating to CreatePartners (20220513114947)
  [1m[35m (0.1ms)[0m  [1m[35mBEGIN[0m
  [1m[35m (5.3ms)[0m  [1m[35mCREATE TABLE "partners" ("id" serial primary key, "name" character varying, "experience" character varying[] DEFAULT '{}', "lon" decimal(10,6), "lat" decimal(10,6), "operating_radius" integer DEFAULT 0, "rating" integer DEFAULT 0, "created_at" timestamp NOT NULL, "updated_at" timestamp NOT NULL)[0m
  [1m[35mSQL (0.5ms)[0m  [1m[32mINSERT INTO "schema_migrations" ("version") VALUES ($1) RETURNING "version"[0m  [["version", "20220513114947"]]
  [1m[35m (0.6ms)[0m  [1m[35mCOMMIT[0m
  [1m[36mActiveRecord::InternalMetadata Load (0.4ms)[0m  [1m[34mSELECT  "ar_internal_metadata".* FROM "ar_internal_metadata" WHERE "ar_internal_metadata"."key" = $1 LIMIT $2[0m  [["key", "environment"], ["LIMIT", 1]]
  [1m[35m (0.2ms)[0m  [1m[35mBEGIN[0m
  [1m[35mSQL (0.4ms)[0m  [1m[32mINSERT INTO "ar_internal_metadata" ("key", "value", "created_at", "updated_at") VALUES ($1, $2, $3, $4) RETURNING "key"[0m  [["key", "environment"], ["value", "development"], ["created_at", "2022-05-14 14:53:59.773205"], ["updated_at", "2022-05-14 14:53:59.773205"]]
  [1m[35m (0.4ms)[0m  [1m[35mCOMMIT[0m
  [1m[35m (0.2ms)[0m  [1m[34mSELECT pg_advisory_unlock(1579006800738244710)[0m
  [1m[36mActiveRecord::SchemaMigration Load (0.2ms)[0m  [1m[34mSELECT "schema_migrations".* FROM "schema_migrations"[0m
  [1m[36mActiveRecord::SchemaMigration Load (0.2ms)[0m  [1m[34mSELECT "schema_migrations".* FROM "schema_migrations"[0m
  [1m[35m (0.2ms)[0m  [1m[35mBEGIN[0m
  [1m[35mSQL (0.8ms)[0m  [1m[32mINSERT INTO "partners" ("name", "experience", "lon", "lat", "operating_radius", "rating", "created_at", "updated_at") VALUES ($1, $2, $3, $4, $5, $6, $7, $8) RETURNING "id"[0m  [["name", "Johnson McTest"], ["experience", "{wood,carpet,tiles}"], ["lon", "13.37584"], ["lat", "52.509232"], ["operating_radius", 2000], ["rating", 3], ["created_at", "2022-05-14 14:53:59.816048"], ["updated_at", "2022-05-14 14:53:59.816048"]]
  [1m[35m (0.4ms)[0m  [1m[35mCOMMIT[0m
  [1m[35m (0.1ms)[0m  [1m[35mBEGIN[0m
  [1m[35mSQL (0.3ms)[0m  [1m[32mINSERT INTO "partners" ("name", "experience", "lon", "lat", "operating_radius", "rating", "created_at", "updated_at") VALUES ($1, $2, $3, $4, $5, $6, $7, $8) RETURNING "id"[0m  [["name", "Martin Router King"], ["experience", "{carpet}"], ["lon", "13.49831"], ["lat", "52.51456"], ["operating_radius", 5000], ["rating", 5], ["created_at", "2022-05-14 14:53:59.819727"], ["updated_at", "2022-05-14 14:53:59.819727"]]
  [1m[35m (0.4ms)[0m  [1m[35mCOMMIT[0m
  [1m[35m (0.1ms)[0m  [1m[35mBEGIN[0m
  [1m[35mSQL (0.2ms)[0m  [1m[32mINSERT INTO "partners" ("name", "experience", "lon", "lat", "operating_radius", "rating", "created_at", "updated_at") VALUES ($1, $2, $3, $4, $5, $6, $7, $8) RETURNING "id"[0m  [["name", "Mr Lazy"], ["experience", "{wood,carpet,tiles}"], ["lon", "13.57636"], ["lat", "52.45472"], ["operating_radius", 5000], ["rating", 5], ["created_at", "2022-05-14 14:53:59.826494"], ["updated_at", "2022-05-14 14:53:59.826494"]]
  [1m[35m (0.3ms)[0m  [1m[35mCOMMIT[0m
  [1m[35m (0.1ms)[0m  [1m[35mBEGIN[0m
  [1m[35mSQL (0.2ms)[0m  [1m[32mINSERT INTO "partners" ("name", "experience", "lon", "lat", "operating_radius", "rating", "created_at", "updated_at") VALUES ($1, $2, $3, $4, $5, $6, $7, $8) RETURNING "id"[0m  [["name", "Mr Onlywood"], ["experience", "{wood}"], ["lon", "13.57696"], ["lat", "52.45472"], ["operating_radius", 3000], ["rating", 1], ["created_at", "2022-05-14 14:53:59.828381"], ["updated_at", "2022-05-14 14:53:59.828381"]]
  [1m[35m (0.4ms)[0m  [1m[35mCOMMIT[0m
  [1m[36mPartner Load (0.5ms)[0m  [1m[34mSELECT "partners".* FROM "partners"[0m
Started GET "/api/v1/partners?service=carpet&lat=52.509232&lon=13.375840" for ::1 at 2022-05-14 16:59:06 +0200
  [1m[36mActiveRecord::SchemaMigration Load (0.8ms)[0m  [1m[34mSELECT "schema_migrations".* FROM "schema_migrations"[0m
Processing by Api::V1::PartnersController#index as */*
  Parameters: {"service"=>"carpet", "lat"=>"52.509232", "lon"=>"13.375840"}
Completed 500 Internal Server Error in 2ms (ActiveRecord: 0.0ms)


  
SyntaxError (/Users/gregor.barth/Code/coding_challenge_gb/app/services/matching_partners_query.rb:52: syntax error, unexpected keyword_end, expecting end-of-input):
  
app/services/matching_partners_query.rb:52: syntax error, unexpected keyword_end, expecting end-of-input
app/controllers/api/v1/partners_controller.rb:5:in `index'
Started GET "/api/v1/partners?service=carpet&lat=52.509232&lon=13.375840" for ::1 at 2022-05-14 16:59:51 +0200
Processing by Api::V1::PartnersController#index as */*
  Parameters: {"service"=>"carpet", "lat"=>"52.509232", "lon"=>"13.375840"}
  [1m[36mPartner Load (0.5ms)[0m  [1m[34mSELECT "partners".* FROM "partners"[0m
  [1m[36mPartner Load (0.6ms)[0m  [1m[34mSELECT "partners".* FROM "partners" WHERE (experience @> '{carpet}')[0m
Completed 500 Internal Server Error in 29ms (ActiveRecord: 4.4ms)


  
NoMethodError (undefined method `-' for "":String
Did you mean?  -@):
  
app/helpers/geocoordinates_helper.rb:17:in `distance_between'
app/services/matching_partners_query.rb:29:in `block in filter_by_distance'
app/services/matching_partners_query.rb:29:in `reject'
app/services/matching_partners_query.rb:29:in `filter_by_distance'
app/services/matching_partners_query.rb:15:in `call'
app/controllers/api/v1/partners_controller.rb:5:in `index'
  [1m[36mPartner Load (0.8ms)[0m  [1m[34mSELECT "partners".* FROM "partners"[0m
  [1m[36mPartner Load (0.5ms)[0m  [1m[34mSELECT "partners".* FROM "partners" WHERE (experience @> '{carpet}')[0m
  [1m[36mPartner Load (0.3ms)[0m  [1m[34mSELECT "partners".* FROM "partners"[0m
  [1m[36mPartner Load (0.3ms)[0m  [1m[34mSELECT "partners".* FROM "partners" WHERE (experience @> '{carpet}')[0m
  [1m[36mPartner Load (0.5ms)[0m  [1m[34mSELECT "partners".* FROM "partners"[0m
  [1m[36mPartner Load (0.3ms)[0m  [1m[34mSELECT "partners".* FROM "partners" WHERE (experience @> '{carpet}')[0m
  [1m[36mPartner Load (0.5ms)[0m  [1m[34mSELECT "partners".* FROM "partners"[0m
  [1m[35m (1.1ms)[0m  [1m[34mSELECT COUNT(*) FROM "partners" WHERE (experience @> '{carpet}')[0m
  [1m[36mPartner Load (0.3ms)[0m  [1m[34mSELECT "partners".* FROM "partners" WHERE (experience @> '{carpet}')[0m
Started GET "/api/v1/partners?service=carpet&lat=52.509232&lon=13.375840" for ::1 at 2022-05-14 17:10:04 +0200
  [1m[36mActiveRecord::SchemaMigration Load (0.5ms)[0m  [1m[34mSELECT "schema_migrations".* FROM "schema_migrations"[0m
Processing by Api::V1::PartnersController#index as */*
  Parameters: {"service"=>"carpet", "lat"=>"52.509232", "lon"=>"13.375840"}
  [1m[36mPartner Load (0.6ms)[0m  [1m[34mSELECT "partners".* FROM "partners"[0m
Started GET "/api/v1/partners" for 127.0.0.1 at 2022-05-14 17:10:36 +0200
Processing by Api::V1::PartnersController#index as HTML
  [1m[36mPartner Load (1.6ms)[0m  [1m[34mSELECT "partners".* FROM "partners"[0m
  [1m[36mPartner Load (1.1ms)[0m  [1m[34mSELECT "partners".* FROM "partners" WHERE (experience @> '{}')[0m
  [1m[36mPartner Load (1.3ms)[0m  [1m[34mSELECT "partners".* FROM "partners" WHERE (experience @> '{carpet}')[0m
Completed 200 OK in 7338ms (Views: 0.3ms | ActiveRecord: 2.7ms)


Completed 200 OK in 41215ms (Views: 0.8ms | ActiveRecord: 4.8ms)


Started GET "/api/v1/partners" for 127.0.0.1 at 2022-05-14 17:10:59 +0200
  [1m[36mActiveRecord::SchemaMigration Load (0.5ms)[0m  [1m[34mSELECT "schema_migrations".* FROM "schema_migrations"[0m
Processing by Api::V1::PartnersController#index as HTML
  [1m[36mPartner Load (0.5ms)[0m  [1m[34mSELECT "partners".* FROM "partners"[0m
  [1m[36mPartner Load (0.5ms)[0m  [1m[34mSELECT "partners".* FROM "partners" WHERE (experience @> '{}')[0m
Completed 200 OK in 16ms (Views: 0.2ms | ActiveRecord: 3.9ms)


Started GET "/api/v1/partners" for 127.0.0.1 at 2022-05-14 17:11:05 +0200
Processing by Api::V1::PartnersController#index as HTML
  [1m[36mPartner Load (0.9ms)[0m  [1m[34mSELECT "partners".* FROM "partners"[0m
  [1m[36mPartner Load (0.6ms)[0m  [1m[34mSELECT "partners".* FROM "partners" WHERE (experience @> '{}')[0m
Completed 200 OK in 4ms (Views: 0.1ms | ActiveRecord: 1.5ms)


Started GET "/api/v1/partners?service=carpet&lat=52.509232&lon=13.375840" for 127.0.0.1 at 2022-05-14 17:11:25 +0200
Processing by Api::V1::PartnersController#index as HTML
  Parameters: {"service"=>"carpet", "lat"=>"52.509232", "lon"=>"13.375840"}
  [1m[36mPartner Load (0.3ms)[0m  [1m[34mSELECT "partners".* FROM "partners"[0m
  [1m[36mPartner Load (0.3ms)[0m  [1m[34mSELECT "partners".* FROM "partners" WHERE (experience @> '{carpet}')[0m
Completed 200 OK in 3ms (Views: 0.6ms | ActiveRecord: 0.6ms)


Started GET "/api/v1/partners?service=carpet&lat=52.509232&lon=13.375840" for ::1 at 2022-05-14 17:11:32 +0200
Processing by Api::V1::PartnersController#index as */*
  Parameters: {"service"=>"carpet", "lat"=>"52.509232", "lon"=>"13.375840"}
  [1m[36mPartner Load (2.4ms)[0m  [1m[34mSELECT "partners".* FROM "partners"[0m
  [1m[36mPartner Load (0.4ms)[0m  [1m[34mSELECT "partners".* FROM "partners" WHERE (experience @> '{carpet}')[0m
Completed 200 OK in 6ms (Views: 0.6ms | ActiveRecord: 2.8ms)


Started GET "/api/v1/partners?service=carpet&lat=52.509232&lon=13.375840" for 127.0.0.1 at 2022-05-14 17:21:26 +0200
  [1m[36mActiveRecord::SchemaMigration Load (0.5ms)[0m  [1m[34mSELECT "schema_migrations".* FROM "schema_migrations"[0m
Processing by Api::V1::PartnersController#index as HTML
  Parameters: {"service"=>"carpet", "lat"=>"52.509232", "lon"=>"13.375840"}
  [1m[36mPartner Load (0.8ms)[0m  [1m[34mSELECT "partners".* FROM "partners"[0m
  [1m[36mPartner Load (0.6ms)[0m  [1m[34mSELECT "partners".* FROM "partners" WHERE (experience @> '{carpet}')[0m
Completed 200 OK in 18ms (Views: 0.9ms | ActiveRecord: 4.9ms)


  [1m[36mActiveRecord::SchemaMigration Load (0.6ms)[0m  [1m[34mSELECT "schema_migrations".* FROM "schema_migrations"[0m
  [1m[35m (0.3ms)[0m  [1m[34mSELECT "ar_internal_metadata"."value" FROM "ar_internal_metadata" WHERE "ar_internal_metadata"."key" = $1[0m  [["key", "environment"]]
  [1m[36mActiveRecord::SchemaMigration Load (0.1ms)[0m  [1m[34mSELECT "schema_migrations".* FROM "schema_migrations"[0m
  [1m[35m (0.1ms)[0m  [1m[34mSELECT "ar_internal_metadata"."value" FROM "ar_internal_metadata" WHERE "ar_internal_metadata"."key" = $1[0m  [["key", "environment"]]
  [1m[36mActiveRecord::SchemaMigration Load (0.1ms)[0m  [1m[34mSELECT "schema_migrations".* FROM "schema_migrations"[0m
  [1m[35m (0.1ms)[0m  [1m[34mSELECT "ar_internal_metadata"."value" FROM "ar_internal_metadata" WHERE "ar_internal_metadata"."key" = $1[0m  [["key", "environment"]]
  [1m[35m (208.8ms)[0m  [1m[35mDROP DATABASE IF EXISTS "coding_challenge_gb_development"[0m
  [1m[35m (211.9ms)[0m  [1m[35mDROP DATABASE IF EXISTS "coding_challenge_gb_test"[0m
  [1m[35m (434.7ms)[0m  [1m[35mCREATE DATABASE "coding_challenge_gb_development" ENCODING = 'unicode'[0m
  [1m[35m (620.2ms)[0m  [1m[35mCREATE DATABASE "coding_challenge_gb_test" ENCODING = 'unicode'[0m
  [1m[35m (5.8ms)[0m  [1m[35mCREATE TABLE "schema_migrations" ("version" character varying PRIMARY KEY)[0m
  [1m[35m (2.9ms)[0m  [1m[35mCREATE TABLE "ar_internal_metadata" ("key" character varying PRIMARY KEY, "value" character varying, "created_at" timestamp NOT NULL, "updated_at" timestamp NOT NULL)[0m
  [1m[35m (0.2ms)[0m  [1m[34mSELECT pg_try_advisory_lock(1579006800738244710);[0m
  [1m[36mActiveRecord::SchemaMigration Load (0.4ms)[0m  [1m[34mSELECT "schema_migrations".* FROM "schema_migrations"[0m
Migrating to CreatePartners (20220513114947)
  [1m[35m (0.2ms)[0m  [1m[35mBEGIN[0m
  [1m[35m (4.6ms)[0m  [1m[35mCREATE TABLE "partners" ("id" serial primary key, "name" character varying, "experience" character varying[] DEFAULT '{}', "lon" decimal(10,6), "lat" decimal(10,6), "operating_radius" integer DEFAULT 0, "rating" integer DEFAULT 0, "created_at" timestamp NOT NULL, "updated_at" timestamp NOT NULL)[0m
  [1m[35mSQL (0.6ms)[0m  [1m[32mINSERT INTO "schema_migrations" ("version") VALUES ($1) RETURNING "version"[0m  [["version", "20220513114947"]]
  [1m[35m (0.3ms)[0m  [1m[35mCOMMIT[0m
  [1m[36mActiveRecord::InternalMetadata Load (0.3ms)[0m  [1m[34mSELECT  "ar_internal_metadata".* FROM "ar_internal_metadata" WHERE "ar_internal_metadata"."key" = $1 LIMIT $2[0m  [["key", "environment"], ["LIMIT", 1]]
  [1m[35m (0.2ms)[0m  [1m[35mBEGIN[0m
  [1m[35mSQL (0.4ms)[0m  [1m[32mINSERT INTO "ar_internal_metadata" ("key", "value", "created_at", "updated_at") VALUES ($1, $2, $3, $4) RETURNING "key"[0m  [["key", "environment"], ["value", "development"], ["created_at", "2022-05-14 15:21:42.247004"], ["updated_at", "2022-05-14 15:21:42.247004"]]
  [1m[35m (0.3ms)[0m  [1m[35mCOMMIT[0m
  [1m[35m (0.2ms)[0m  [1m[34mSELECT pg_advisory_unlock(1579006800738244710)[0m
  [1m[36mActiveRecord::SchemaMigration Load (0.2ms)[0m  [1m[34mSELECT "schema_migrations".* FROM "schema_migrations"[0m
  [1m[36mActiveRecord::SchemaMigration Load (0.1ms)[0m  [1m[34mSELECT "schema_migrations".* FROM "schema_migrations"[0m
  [1m[35m (0.2ms)[0m  [1m[35mBEGIN[0m
  [1m[35mSQL (0.9ms)[0m  [1m[32mINSERT INTO "partners" ("name", "experience", "lon", "lat", "operating_radius", "rating", "created_at", "updated_at") VALUES ($1, $2, $3, $4, $5, $6, $7, $8) RETURNING "id"[0m  [["name", "Johnson McTest"], ["experience", "{wood,carpet,tiles}"], ["lon", "13.37584"], ["lat", "52.509232"], ["operating_radius", 20000], ["rating", 3], ["created_at", "2022-05-14 15:21:42.283539"], ["updated_at", "2022-05-14 15:21:42.283539"]]
  [1m[35m (1.3ms)[0m  [1m[35mCOMMIT[0m
  [1m[35m (0.2ms)[0m  [1m[35mBEGIN[0m
  [1m[35mSQL (0.3ms)[0m  [1m[32mINSERT INTO "partners" ("name", "experience", "lon", "lat", "operating_radius", "rating", "created_at", "updated_at") VALUES ($1, $2, $3, $4, $5, $6, $7, $8) RETURNING "id"[0m  [["name", "Martin Router King"], ["experience", "{carpet}"], ["lon", "13.49831"], ["lat", "52.51456"], ["operating_radius", 15000], ["rating", 5], ["created_at", "2022-05-14 15:21:42.289411"], ["updated_at", "2022-05-14 15:21:42.289411"]]
  [1m[35m (4.1ms)[0m  [1m[35mCOMMIT[0m
  [1m[35m (0.1ms)[0m  [1m[35mBEGIN[0m
  [1m[35mSQL (0.7ms)[0m  [1m[32mINSERT INTO "partners" ("name", "experience", "lon", "lat", "operating_radius", "rating", "created_at", "updated_at") VALUES ($1, $2, $3, $4, $5, $6, $7, $8) RETURNING "id"[0m  [["name", "Mr Lazy"], ["experience", "{wood,carpet,tiles}"], ["lon", "13.57636"], ["lat", "52.45472"], ["operating_radius", 15000], ["rating", 4], ["created_at", "2022-05-14 15:21:42.295325"], ["updated_at", "2022-05-14 15:21:42.295325"]]
  [1m[35m (4.1ms)[0m  [1m[35mCOMMIT[0m
  [1m[35m (0.1ms)[0m  [1m[35mBEGIN[0m
  [1m[35mSQL (0.3ms)[0m  [1m[32mINSERT INTO "partners" ("name", "experience", "lon", "lat", "operating_radius", "rating", "created_at", "updated_at") VALUES ($1, $2, $3, $4, $5, $6, $7, $8) RETURNING "id"[0m  [["name", "Mr Onlywood"], ["experience", "{wood}"], ["lon", "13.57696"], ["lat", "52.45472"], ["operating_radius", 3000], ["rating", 1], ["created_at", "2022-05-14 15:21:42.302169"], ["updated_at", "2022-05-14 15:21:42.302169"]]
  [1m[35m (0.5ms)[0m  [1m[35mCOMMIT[0m
Started GET "/api/v1/partners?service=carpet&lat=52.509232&lon=13.375840" for 127.0.0.1 at 2022-05-14 17:21:49 +0200
  [1m[36mActiveRecord::SchemaMigration Load (0.6ms)[0m  [1m[34mSELECT "schema_migrations".* FROM "schema_migrations"[0m
Processing by Api::V1::PartnersController#index as HTML
  Parameters: {"service"=>"carpet", "lat"=>"52.509232", "lon"=>"13.375840"}
  [1m[36mPartner Load (0.8ms)[0m  [1m[34mSELECT "partners".* FROM "partners"[0m
  [1m[36mPartner Load (0.7ms)[0m  [1m[34mSELECT "partners".* FROM "partners" WHERE (experience @> '{carpet}')[0m
Completed 200 OK in 18ms (Views: 1.1ms | ActiveRecord: 4.6ms)


Started GET "/api/v1/partners?service=carpet&lat=52.509232&lon=13.375840" for 127.0.0.1 at 2022-05-14 17:27:31 +0200
  [1m[36mActiveRecord::SchemaMigration Load (0.4ms)[0m  [1m[34mSELECT "schema_migrations".* FROM "schema_migrations"[0m
Processing by Api::V1::PartnersController#index as HTML
  Parameters: {"service"=>"carpet", "lat"=>"52.509232", "lon"=>"13.375840"}
  [1m[36mPartner Load (0.7ms)[0m  [1m[34mSELECT "partners".* FROM "partners"[0m
  [1m[36mPartner Load (0.6ms)[0m  [1m[34mSELECT "partners".* FROM "partners" WHERE (experience @> '{carpet}')[0m
Completed 200 OK in 18ms (Views: 1.1ms | ActiveRecord: 4.8ms)


Started GET "/api/v1/partners?service=carpet,%20wood&lat=52.509232&lon=13.375840" for ::1 at 2022-05-14 17:36:10 +0200
  [1m[36mActiveRecord::SchemaMigration Load (0.5ms)[0m  [1m[34mSELECT "schema_migrations".* FROM "schema_migrations"[0m
Processing by Api::V1::PartnersController#index as */*
  Parameters: {"service"=>"carpet, wood", "lat"=>"52.509232", "lon"=>"13.375840"}
  [1m[36mPartner Load (0.5ms)[0m  [1m[34mSELECT "partners".* FROM "partners"[0m
  [1m[36mPartner Load (0.8ms)[0m  [1m[34mSELECT "partners".* FROM "partners" WHERE (experience @> '{carpet, wood}')[0m
Completed 200 OK in 18ms (Views: 0.6ms | ActiveRecord: 4.1ms)


Started GET "/api/v1/partners?service=carpet,%20wood&lat=52.509232&lon=13.375840" for ::1 at 2022-05-14 17:36:35 +0200
Processing by Api::V1::PartnersController#index as */*
  Parameters: {"service"=>"carpet, wood", "lat"=>"52.509232", "lon"=>"13.375840"}
  [1m[36mPartner Load (0.3ms)[0m  [1m[34mSELECT "partners".* FROM "partners"[0m
  [1m[36mPartner Load (0.4ms)[0m  [1m[34mSELECT "partners".* FROM "partners" WHERE (experience @> '{carpet, wood}')[0m
Completed 200 OK in 15ms (Views: 0.6ms | ActiveRecord: 0.7ms)


Started GET "/api/v1/partners?service=tiles,%20wood&lat=52.509232&lon=13.375840" for ::1 at 2022-05-14 17:39:14 +0200
Processing by Api::V1::PartnersController#index as */*
  Parameters: {"service"=>"tiles, wood", "lat"=>"52.509232", "lon"=>"13.375840"}
  [1m[36mPartner Load (0.8ms)[0m  [1m[34mSELECT "partners".* FROM "partners"[0m
  [1m[36mPartner Load (0.7ms)[0m  [1m[34mSELECT "partners".* FROM "partners" WHERE (experience @> '{tiles, wood}')[0m
Completed 200 OK in 5ms (Views: 0.6ms | ActiveRecord: 1.5ms)


Started GET "/api/v1/partners?service=carpet,%20wood&lat=52.509232&lon=13.375840" for 127.0.0.1 at 2022-05-14 17:41:37 +0200
Processing by Api::V1::PartnersController#index as HTML
  Parameters: {"service"=>"carpet, wood", "lat"=>"52.509232", "lon"=>"13.375840"}
  [1m[36mPartner Load (0.3ms)[0m  [1m[34mSELECT "partners".* FROM "partners"[0m
  [1m[36mPartner Load (0.4ms)[0m  [1m[34mSELECT "partners".* FROM "partners" WHERE (experience @> '{carpet, wood}')[0m
Completed 200 OK in 4ms (Views: 0.7ms | ActiveRecord: 0.7ms)


Started GET "/api/v1/partners?service=carpet,%20wood&lat=52.509232&lon=13.375840&floor_area=100&phone=030123456" for 127.0.0.1 at 2022-05-14 17:44:17 +0200
Processing by Api::V1::PartnersController#index as HTML
  Parameters: {"service"=>"carpet, wood", "lat"=>"52.509232", "lon"=>"13.375840", "floor_area"=>"100", "phone"=>"030123456"}
  [1m[36mPartner Load (0.4ms)[0m  [1m[34mSELECT "partners".* FROM "partners"[0m
  [1m[36mPartner Load (0.5ms)[0m  [1m[34mSELECT "partners".* FROM "partners" WHERE (experience @> '{carpet, wood}')[0m
Completed 200 OK in 6ms (Views: 0.8ms | ActiveRecord: 0.9ms)


